2019-10-10 10:53:33,559 INFO org.springframework.boot.StartupInfoLogger [main] Starting RatingsDataServiceApplicationTests on localhost.localdomain with PID 11803 (started by dhiego in /home/dhiego/Drive/Developer/Claro/Microservices/Claro_Poc/Movel/Integracao/POC/ratings-data-service-dev/ratings-data-service)
2019-10-10 10:53:33,564 INFO org.springframework.boot.SpringApplication [main] No active profile set, falling back to default profiles: default
2019-10-10 10:53:33,639 DEBUG org.springframework.context.support.AbstractApplicationContext [main] Refreshing org.springframework.web.context.support.GenericWebApplicationContext@7ce026d3
2019-10-10 10:53:35,012 DEBUG org.springframework.web.servlet.handler.SimpleUrlHandlerMapping [main] Patterns [/**/favicon.ico] in 'faviconHandlerMapping'
2019-10-10 10:53:35,371 INFO org.springframework.scheduling.concurrent.ExecutorConfigurationSupport [main] Initializing ExecutorService 'applicationTaskExecutor'
2019-10-10 10:53:35,384 DEBUG org.springframework.web.servlet.mvc.method.annotation.RequestMappingHandlerAdapter [main] ControllerAdvice beans: 0 @ModelAttribute, 0 @InitBinder, 1 RequestBodyAdvice, 1 ResponseBodyAdvice
2019-10-10 10:53:35,462 DEBUG org.springframework.web.servlet.handler.AbstractHandlerMethodMapping [main] 4 mappings in 'requestMappingHandlerMapping'
2019-10-10 10:53:35,483 DEBUG org.springframework.web.servlet.handler.SimpleUrlHandlerMapping [main] Patterns [/webjars/**, /**] in 'resourceHandlerMapping'
2019-10-10 10:53:35,496 DEBUG org.springframework.web.servlet.mvc.method.annotation.ExceptionHandlerExceptionResolver [main] ControllerAdvice beans: 0 @ExceptionHandler, 1 ResponseBodyAdvice
2019-10-10 10:53:36,063 INFO org.springframework.boot.actuate.endpoint.web.EndpointLinksResolver [main] Exposing 2 endpoint(s) beneath base path '/actuator'
2019-10-10 10:53:36,132 INFO org.springframework.boot.StartupInfoLogger [main] Started RatingsDataServiceApplicationTests in 2.866 seconds (JVM running for 3.541)
2019-10-10 10:53:36,334 DEBUG org.springframework.context.support.AbstractApplicationContext [Thread-2] Closing org.springframework.web.context.support.GenericWebApplicationContext@7ce026d3, started on Thu Oct 10 10:53:33 BRT 2019
2019-10-10 10:53:36,338 INFO org.springframework.scheduling.concurrent.ExecutorConfigurationSupport [Thread-2] Shutting down ExecutorService 'applicationTaskExecutor'
2019-10-10 13:51:31,316 INFO org.springframework.boot.StartupInfoLogger [main] Starting RatingsDataServiceApplicationTests on localhost.localdomain with PID 19969 (started by dhiego in /home/dhiego/Drive/Developer/Claro/Microservices/Claro_Poc/Movel/Integracao/POC/ratings-data-service-dev/ratings-data-service)
2019-10-10 13:51:31,319 INFO org.springframework.boot.SpringApplication [main] No active profile set, falling back to default profiles: default
2019-10-10 13:51:31,438 DEBUG org.springframework.context.support.AbstractApplicationContext [main] Refreshing org.springframework.web.context.support.GenericWebApplicationContext@7ce026d3
2019-10-10 13:51:33,167 DEBUG org.springframework.web.servlet.handler.SimpleUrlHandlerMapping [main] Patterns [/**/favicon.ico] in 'faviconHandlerMapping'
2019-10-10 13:51:33,499 INFO org.springframework.scheduling.concurrent.ExecutorConfigurationSupport [main] Initializing ExecutorService 'applicationTaskExecutor'
2019-10-10 13:51:33,518 DEBUG org.springframework.web.servlet.mvc.method.annotation.RequestMappingHandlerAdapter [main] ControllerAdvice beans: 0 @ModelAttribute, 0 @InitBinder, 1 RequestBodyAdvice, 1 ResponseBodyAdvice
2019-10-10 13:51:33,591 DEBUG org.springframework.web.servlet.handler.AbstractHandlerMethodMapping [main] 4 mappings in 'requestMappingHandlerMapping'
2019-10-10 13:51:33,694 DEBUG org.springframework.web.servlet.handler.SimpleUrlHandlerMapping [main] Patterns [/webjars/**, /**] in 'resourceHandlerMapping'
2019-10-10 13:51:33,709 DEBUG org.springframework.web.servlet.mvc.method.annotation.ExceptionHandlerExceptionResolver [main] ControllerAdvice beans: 0 @ExceptionHandler, 1 ResponseBodyAdvice
2019-10-10 13:51:34,289 INFO org.springframework.boot.actuate.endpoint.web.EndpointLinksResolver [main] Exposing 2 endpoint(s) beneath base path '/actuator'
2019-10-10 13:51:34,375 INFO org.springframework.boot.StartupInfoLogger [main] Started RatingsDataServiceApplicationTests in 3.444 seconds (JVM running for 4.214)
2019-10-10 13:51:34,564 DEBUG org.springframework.context.support.AbstractApplicationContext [Thread-2] Closing org.springframework.web.context.support.GenericWebApplicationContext@7ce026d3, started on Thu Oct 10 13:51:31 BRT 2019
2019-10-10 13:51:34,566 INFO org.springframework.scheduling.concurrent.ExecutorConfigurationSupport [Thread-2] Shutting down ExecutorService 'applicationTaskExecutor'
