2019-10-16 16:52:51,978 INFO org.springframework.boot.StartupInfoLogger [main] Starting RatingsDataServiceApplicationTests on localhost.localdomain with PID 15241 (started by dhiego in /home/dhiego/Drive/Developer/Claro/Microservices/Claro_Poc/Movel/Integracao/POC/ratings-data-service-dev/ratings-data-service)
2019-10-16 16:52:51,983 INFO org.springframework.boot.SpringApplication [main] No active profile set, falling back to default profiles: default
2019-10-16 16:52:52,019 DEBUG org.springframework.context.support.AbstractApplicationContext [main] Refreshing org.springframework.web.context.support.GenericWebApplicationContext@7ce026d3
2019-10-16 16:52:53,365 DEBUG org.springframework.web.servlet.handler.SimpleUrlHandlerMapping [main] Patterns [/**/favicon.ico] in 'faviconHandlerMapping'
2019-10-16 16:52:53,681 INFO org.springframework.scheduling.concurrent.ExecutorConfigurationSupport [main] Initializing ExecutorService 'applicationTaskExecutor'
2019-10-16 16:52:53,697 DEBUG org.springframework.web.servlet.mvc.method.annotation.RequestMappingHandlerAdapter [main] ControllerAdvice beans: 0 @ModelAttribute, 0 @InitBinder, 1 RequestBodyAdvice, 1 ResponseBodyAdvice
2019-10-16 16:52:53,832 DEBUG org.springframework.web.servlet.handler.AbstractHandlerMethodMapping [main] 4 mappings in 'requestMappingHandlerMapping'
2019-10-16 16:52:53,860 DEBUG org.springframework.web.servlet.handler.SimpleUrlHandlerMapping [main] Patterns [/webjars/**, /**] in 'resourceHandlerMapping'
2019-10-16 16:52:53,875 DEBUG org.springframework.web.servlet.mvc.method.annotation.ExceptionHandlerExceptionResolver [main] ControllerAdvice beans: 0 @ExceptionHandler, 1 ResponseBodyAdvice
2019-10-16 16:52:54,389 INFO org.springframework.boot.actuate.endpoint.web.EndpointLinksResolver [main] Exposing 2 endpoint(s) beneath base path '/actuator'
2019-10-16 16:52:54,451 INFO org.springframework.boot.StartupInfoLogger [main] Started RatingsDataServiceApplicationTests in 2.808 seconds (JVM running for 3.439)
2019-10-16 16:52:54,619 DEBUG org.springframework.context.support.AbstractApplicationContext [Thread-2] Closing org.springframework.web.context.support.GenericWebApplicationContext@7ce026d3, started on Wed Oct 16 16:52:52 BRT 2019
2019-10-16 16:52:54,622 INFO org.springframework.scheduling.concurrent.ExecutorConfigurationSupport [Thread-2] Shutting down ExecutorService 'applicationTaskExecutor'
2019-10-16 16:56:10,578 INFO org.springframework.boot.StartupInfoLogger [main] Starting RatingsDataServiceApplicationTests on localhost.localdomain with PID 16007 (started by dhiego in /home/dhiego/Drive/Developer/Claro/Microservices/Claro_Poc/Movel/Integracao/POC/ratings-data-service-dev/ratings-data-service)
2019-10-16 16:56:10,581 INFO org.springframework.boot.SpringApplication [main] No active profile set, falling back to default profiles: default
2019-10-16 16:56:10,635 DEBUG org.springframework.context.support.AbstractApplicationContext [main] Refreshing org.springframework.web.context.support.GenericWebApplicationContext@1750fbeb
2019-10-16 16:56:11,947 DEBUG org.springframework.web.servlet.handler.SimpleUrlHandlerMapping [main] Patterns [/**/favicon.ico] in 'faviconHandlerMapping'
2019-10-16 16:56:12,251 INFO org.springframework.scheduling.concurrent.ExecutorConfigurationSupport [main] Initializing ExecutorService 'applicationTaskExecutor'
2019-10-16 16:56:12,267 DEBUG org.springframework.web.servlet.mvc.method.annotation.RequestMappingHandlerAdapter [main] ControllerAdvice beans: 0 @ModelAttribute, 0 @InitBinder, 1 RequestBodyAdvice, 1 ResponseBodyAdvice
2019-10-16 16:56:12,340 DEBUG org.springframework.web.servlet.handler.AbstractHandlerMethodMapping [main] 4 mappings in 'requestMappingHandlerMapping'
2019-10-16 16:56:12,427 DEBUG org.springframework.web.servlet.handler.SimpleUrlHandlerMapping [main] Patterns [/webjars/**, /**] in 'resourceHandlerMapping'
2019-10-16 16:56:12,441 DEBUG org.springframework.web.servlet.mvc.method.annotation.ExceptionHandlerExceptionResolver [main] ControllerAdvice beans: 0 @ExceptionHandler, 1 ResponseBodyAdvice
2019-10-16 16:56:13,007 INFO org.springframework.boot.actuate.endpoint.web.EndpointLinksResolver [main] Exposing 2 endpoint(s) beneath base path '/actuator'
2019-10-16 16:56:13,071 INFO org.springframework.boot.StartupInfoLogger [main] Started RatingsDataServiceApplicationTests in 2.822 seconds (JVM running for 3.425)
2019-10-16 16:56:13,210 DEBUG org.springframework.context.support.AbstractApplicationContext [Thread-2] Closing org.springframework.web.context.support.GenericWebApplicationContext@1750fbeb, started on Wed Oct 16 16:56:10 BRT 2019
2019-10-16 16:56:13,213 INFO org.springframework.scheduling.concurrent.ExecutorConfigurationSupport [Thread-2] Shutting down ExecutorService 'applicationTaskExecutor'
