2019-10-17 11:00:43,885 INFO org.springframework.boot.StartupInfoLogger [main] Starting RatingsDataServiceApplicationTests on localhost.localdomain with PID 5544 (started by dhiego in /home/dhiego/Drive/Developer/Claro/Microservices/Claro_Poc/Movel/Integracao/POC/ratings-data-service-dev/ratings-data-service)
2019-10-17 11:00:43,892 INFO org.springframework.boot.SpringApplication [main] No active profile set, falling back to default profiles: default
2019-10-17 11:00:43,956 DEBUG org.springframework.context.support.AbstractApplicationContext [main] Refreshing org.springframework.web.context.support.GenericWebApplicationContext@7ce026d3
2019-10-17 11:00:45,376 DEBUG org.springframework.web.servlet.handler.SimpleUrlHandlerMapping [main] Patterns [/**/favicon.ico] in 'faviconHandlerMapping'
2019-10-17 11:00:45,762 INFO org.springframework.scheduling.concurrent.ExecutorConfigurationSupport [main] Initializing ExecutorService 'applicationTaskExecutor'
2019-10-17 11:00:45,783 DEBUG org.springframework.web.servlet.mvc.method.annotation.RequestMappingHandlerAdapter [main] ControllerAdvice beans: 0 @ModelAttribute, 0 @InitBinder, 1 RequestBodyAdvice, 1 ResponseBodyAdvice
2019-10-17 11:00:45,862 DEBUG org.springframework.web.servlet.handler.AbstractHandlerMethodMapping [main] 4 mappings in 'requestMappingHandlerMapping'
2019-10-17 11:00:45,884 DEBUG org.springframework.web.servlet.handler.SimpleUrlHandlerMapping [main] Patterns [/webjars/**, /**] in 'resourceHandlerMapping'
2019-10-17 11:00:45,899 DEBUG org.springframework.web.servlet.mvc.method.annotation.ExceptionHandlerExceptionResolver [main] ControllerAdvice beans: 0 @ExceptionHandler, 1 ResponseBodyAdvice
2019-10-17 11:00:46,450 INFO org.springframework.boot.actuate.endpoint.web.EndpointLinksResolver [main] Exposing 2 endpoint(s) beneath base path '/actuator'
2019-10-17 11:00:46,518 INFO org.springframework.boot.StartupInfoLogger [main] Started RatingsDataServiceApplicationTests in 2.938 seconds (JVM running for 3.563)
2019-10-17 11:00:46,699 DEBUG org.springframework.context.support.AbstractApplicationContext [Thread-2] Closing org.springframework.web.context.support.GenericWebApplicationContext@7ce026d3, started on Thu Oct 17 11:00:43 BRT 2019
2019-10-17 11:00:46,701 INFO org.springframework.scheduling.concurrent.ExecutorConfigurationSupport [Thread-2] Shutting down ExecutorService 'applicationTaskExecutor'
2019-10-17 11:03:34,777 INFO org.springframework.boot.StartupInfoLogger [main] Starting RatingsDataServiceApplicationTests on localhost.localdomain with PID 6296 (started by dhiego in /home/dhiego/Drive/Developer/Claro/Microservices/Claro_Poc/Movel/Integracao/POC/ratings-data-service-dev/ratings-data-service)
2019-10-17 11:03:34,781 INFO org.springframework.boot.SpringApplication [main] No active profile set, falling back to default profiles: default
2019-10-17 11:03:34,848 DEBUG org.springframework.context.support.AbstractApplicationContext [main] Refreshing org.springframework.web.context.support.GenericWebApplicationContext@7ce026d3
2019-10-17 11:03:36,238 DEBUG org.springframework.web.servlet.handler.SimpleUrlHandlerMapping [main] Patterns [/**/favicon.ico] in 'faviconHandlerMapping'
2019-10-17 11:03:36,556 INFO org.springframework.scheduling.concurrent.ExecutorConfigurationSupport [main] Initializing ExecutorService 'applicationTaskExecutor'
2019-10-17 11:03:36,573 DEBUG org.springframework.web.servlet.mvc.method.annotation.RequestMappingHandlerAdapter [main] ControllerAdvice beans: 0 @ModelAttribute, 0 @InitBinder, 1 RequestBodyAdvice, 1 ResponseBodyAdvice
2019-10-17 11:03:36,703 DEBUG org.springframework.web.servlet.handler.AbstractHandlerMethodMapping [main] 4 mappings in 'requestMappingHandlerMapping'
2019-10-17 11:03:36,723 DEBUG org.springframework.web.servlet.handler.SimpleUrlHandlerMapping [main] Patterns [/webjars/**, /**] in 'resourceHandlerMapping'
2019-10-17 11:03:36,736 DEBUG org.springframework.web.servlet.mvc.method.annotation.ExceptionHandlerExceptionResolver [main] ControllerAdvice beans: 0 @ExceptionHandler, 1 ResponseBodyAdvice
2019-10-17 11:03:37,306 INFO org.springframework.boot.actuate.endpoint.web.EndpointLinksResolver [main] Exposing 2 endpoint(s) beneath base path '/actuator'
2019-10-17 11:03:37,370 INFO org.springframework.boot.StartupInfoLogger [main] Started RatingsDataServiceApplicationTests in 2.879 seconds (JVM running for 3.509)
2019-10-17 11:03:37,548 DEBUG org.springframework.context.support.AbstractApplicationContext [Thread-2] Closing org.springframework.web.context.support.GenericWebApplicationContext@7ce026d3, started on Thu Oct 17 11:03:34 BRT 2019
2019-10-17 11:03:37,551 INFO org.springframework.scheduling.concurrent.ExecutorConfigurationSupport [Thread-2] Shutting down ExecutorService 'applicationTaskExecutor'
