2019-09-11 10:04:07,137 INFO org.springframework.boot.StartupInfoLogger [main] Starting RatingsDataServiceApplicationTests on localhost.localdomain with PID 10133 (started by dhiego in /home/dhiego/Drive/Developer/Microservices/Claro_Poc/Movel/Integracao/POC/ratings-data-service-dev/ratings-data-service)
2019-09-11 10:04:07,139 INFO org.springframework.boot.SpringApplication [main] No active profile set, falling back to default profiles: default
2019-09-11 10:04:07,165 DEBUG org.springframework.context.support.AbstractApplicationContext [main] Refreshing org.springframework.web.context.support.GenericWebApplicationContext@7ce026d3
2019-09-11 10:04:08,615 DEBUG org.springframework.web.servlet.handler.SimpleUrlHandlerMapping [main] Patterns [/**/favicon.ico] in 'faviconHandlerMapping'
2019-09-11 10:04:08,901 INFO org.springframework.scheduling.concurrent.ExecutorConfigurationSupport [main] Initializing ExecutorService 'applicationTaskExecutor'
2019-09-11 10:04:08,918 DEBUG org.springframework.web.servlet.mvc.method.annotation.RequestMappingHandlerAdapter [main] ControllerAdvice beans: 0 @ModelAttribute, 0 @InitBinder, 1 RequestBodyAdvice, 1 ResponseBodyAdvice
2019-09-11 10:04:09,075 DEBUG org.springframework.web.servlet.handler.AbstractHandlerMethodMapping [main] 4 mappings in 'requestMappingHandlerMapping'
2019-09-11 10:04:09,100 DEBUG org.springframework.web.servlet.handler.SimpleUrlHandlerMapping [main] Patterns [/webjars/**, /**] in 'resourceHandlerMapping'
2019-09-11 10:04:09,121 DEBUG org.springframework.web.servlet.mvc.method.annotation.ExceptionHandlerExceptionResolver [main] ControllerAdvice beans: 0 @ExceptionHandler, 1 ResponseBodyAdvice
2019-09-11 10:04:09,623 INFO org.springframework.boot.actuate.endpoint.web.EndpointLinksResolver [main] Exposing 2 endpoint(s) beneath base path '/actuator'
2019-09-11 10:04:09,699 INFO org.springframework.boot.StartupInfoLogger [main] Started RatingsDataServiceApplicationTests in 2.91 seconds (JVM running for 3.648)
2019-09-11 10:04:09,888 DEBUG org.springframework.context.support.AbstractApplicationContext [Thread-2] Closing org.springframework.web.context.support.GenericWebApplicationContext@7ce026d3, started on Wed Sep 11 10:04:07 BRT 2019
2019-09-11 10:04:09,902 INFO org.springframework.scheduling.concurrent.ExecutorConfigurationSupport [Thread-2] Shutting down ExecutorService 'applicationTaskExecutor'
2019-09-11 10:57:27,927 INFO org.springframework.boot.StartupInfoLogger [main] Starting RatingsDataServiceApplication on localhost.localdomain with PID 12632 (/home/dhiego/Drive/Developer/Microservices/Claro_Poc/Movel/Integracao/POC/ratings-data-service-dev/ratings-data-service/target/classes started by dhiego in /home/dhiego/Drive/Developer/Microservices/Claro_Poc/Movel/Integracao/POC/ratings-data-service-dev/ratings-data-service)
2019-09-11 10:57:27,963 INFO org.springframework.boot.SpringApplication [main] No active profile set, falling back to default profiles: default
2019-09-11 10:57:29,219 INFO org.springframework.boot.web.embedded.tomcat.TomcatWebServer [main] Tomcat initialized with port(s): 8083 (http)
2019-09-11 10:57:29,230 INFO org.apache.juli.logging.DirectJDKLog [main] Initializing ProtocolHandler ["http-nio-8083"]
2019-09-11 10:57:29,240 INFO org.apache.juli.logging.DirectJDKLog [main] Starting service [Tomcat]
2019-09-11 10:57:29,240 INFO org.apache.juli.logging.DirectJDKLog [main] Starting Servlet engine: [Apache Tomcat/9.0.21]
2019-09-11 10:57:29,326 INFO org.apache.juli.logging.DirectJDKLog [main] Initializing Spring embedded WebApplicationContext
2019-09-11 10:57:29,326 DEBUG org.springframework.boot.web.servlet.context.ServletWebServerApplicationContext [main] Published root WebApplicationContext as ServletContext attribute with name [org.springframework.web.context.WebApplicationContext.ROOT]
2019-09-11 10:57:29,327 INFO org.springframework.boot.web.servlet.context.ServletWebServerApplicationContext [main] Root WebApplicationContext: initialization completed in 1335 ms
2019-09-11 10:57:29,635 DEBUG org.springframework.web.servlet.handler.SimpleUrlHandlerMapping [main] Patterns [/**/favicon.ico] in 'faviconHandlerMapping'
2019-09-11 10:57:29,704 INFO org.springframework.scheduling.concurrent.ExecutorConfigurationSupport [main] Initializing ExecutorService 'applicationTaskExecutor'
2019-09-11 10:57:29,713 DEBUG org.springframework.web.servlet.mvc.method.annotation.RequestMappingHandlerAdapter [main] ControllerAdvice beans: 0 @ModelAttribute, 0 @InitBinder, 1 RequestBodyAdvice, 1 ResponseBodyAdvice
2019-09-11 10:57:29,743 DEBUG org.springframework.web.servlet.handler.AbstractHandlerMethodMapping [main] 4 mappings in 'requestMappingHandlerMapping'
2019-09-11 10:57:29,751 DEBUG org.springframework.web.servlet.handler.SimpleUrlHandlerMapping [main] Patterns [/webjars/**, /**] in 'resourceHandlerMapping'
2019-09-11 10:57:29,759 DEBUG org.springframework.web.servlet.mvc.method.annotation.ExceptionHandlerExceptionResolver [main] ControllerAdvice beans: 0 @ExceptionHandler, 1 ResponseBodyAdvice
2019-09-11 10:57:29,976 INFO org.springframework.boot.actuate.endpoint.web.EndpointLinksResolver [main] Exposing 2 endpoint(s) beneath base path '/actuator'
2019-09-11 10:57:30,008 INFO org.apache.juli.logging.DirectJDKLog [main] Starting ProtocolHandler ["http-nio-8083"]
2019-09-11 10:57:30,017 INFO org.springframework.boot.web.embedded.tomcat.TomcatWebServer [main] Tomcat started on port(s): 8083 (http) with context path ''
2019-09-11 10:57:30,020 INFO org.springframework.boot.StartupInfoLogger [main] Started RatingsDataServiceApplication in 2.4 seconds (JVM running for 2.976)
2019-09-11 10:57:33,585 INFO org.apache.juli.logging.DirectJDKLog [RMI TCP Connection(4)-127.0.0.1] Initializing Spring DispatcherServlet 'dispatcherServlet'
2019-09-11 10:57:33,586 INFO org.springframework.web.servlet.FrameworkServlet [RMI TCP Connection(4)-127.0.0.1] Initializing Servlet 'dispatcherServlet'
2019-09-11 10:57:33,588 DEBUG org.springframework.web.servlet.DispatcherServlet [RMI TCP Connection(4)-127.0.0.1] Detected StandardServletMultipartResolver
2019-09-11 10:57:33,594 DEBUG org.springframework.web.servlet.FrameworkServlet [RMI TCP Connection(4)-127.0.0.1] enableLoggingRequestDetails='false': request parameters and headers will be masked to prevent unsafe logging of potentially sensitive data
2019-09-11 10:57:33,594 INFO org.springframework.web.servlet.FrameworkServlet [RMI TCP Connection(4)-127.0.0.1] Completed initialization in 6 ms
2019-09-11 10:59:12,558 INFO br.com.clarobr.ratingsdataservice.correlation.CorrelationHeaderFilter [http-nio-8083-exec-1] Found correlationId in Header : 12345678
2019-09-11 10:59:12,661 DEBUG org.springframework.core.log.LogFormatUtils [http-nio-8083-exec-1] GET "/ratingsdata/user/test", parameters={}
2019-09-11 10:59:12,673 DEBUG org.springframework.web.servlet.handler.AbstractHandlerMapping [http-nio-8083-exec-1] Mapped to public br.com.clarobr.ratingsdataservice.model.UserRating br.com.clarobr.ratingsdataservice.resources.RatingsResource.getUserRatings(java.lang.String,org.springframework.http.HttpHeaders)
2019-09-11 10:59:17,712 DEBUG org.springframework.web.servlet.mvc.method.annotation.AbstractMessageConverterMethodProcessor [http-nio-8083-exec-1] Using 'application/json', given [*/*] and supported [application/json, application/*+json, application/json, application/*+json]
2019-09-11 10:59:17,715 DEBUG org.springframework.core.log.LogFormatUtils [http-nio-8083-exec-1] Writing [br.com.clarobr.ratingsdataservice.model.UserRating@d358bf]
2019-09-11 10:59:17,983 DEBUG org.springframework.web.servlet.FrameworkServlet [http-nio-8083-exec-1] Completed 200 OK
2019-09-11 10:59:18,604 INFO br.com.clarobr.ratingsdataservice.correlation.CorrelationHeaderFilter [http-nio-8083-exec-2] Found correlationId in Header : 12345678
2019-09-11 10:59:18,605 DEBUG org.springframework.core.log.LogFormatUtils [http-nio-8083-exec-2] GET "/ratingsdata/user/test", parameters={}
2019-09-11 10:59:18,607 DEBUG org.springframework.web.servlet.handler.AbstractHandlerMapping [http-nio-8083-exec-2] Mapped to public br.com.clarobr.ratingsdataservice.model.UserRating br.com.clarobr.ratingsdataservice.resources.RatingsResource.getUserRatings(java.lang.String,org.springframework.http.HttpHeaders)
2019-09-11 10:59:23,609 DEBUG org.springframework.web.servlet.mvc.method.annotation.AbstractMessageConverterMethodProcessor [http-nio-8083-exec-2] Using 'application/json', given [*/*] and supported [application/json, application/*+json, application/json, application/*+json]
2019-09-11 10:59:23,610 DEBUG org.springframework.core.log.LogFormatUtils [http-nio-8083-exec-2] Writing [br.com.clarobr.ratingsdataservice.model.UserRating@16ea28c]
2019-09-11 10:59:23,615 DEBUG org.springframework.web.servlet.FrameworkServlet [http-nio-8083-exec-2] Completed 200 OK
2019-09-11 10:59:24,128 INFO br.com.clarobr.ratingsdataservice.correlation.CorrelationHeaderFilter [http-nio-8083-exec-3] Found correlationId in Header : 12345678
2019-09-11 10:59:24,129 DEBUG org.springframework.core.log.LogFormatUtils [http-nio-8083-exec-3] GET "/ratingsdata/user/test", parameters={}
2019-09-11 10:59:24,136 DEBUG org.springframework.web.servlet.handler.AbstractHandlerMapping [http-nio-8083-exec-3] Mapped to public br.com.clarobr.ratingsdataservice.model.UserRating br.com.clarobr.ratingsdataservice.resources.RatingsResource.getUserRatings(java.lang.String,org.springframework.http.HttpHeaders)
2019-09-11 10:59:29,140 DEBUG org.springframework.web.servlet.mvc.method.annotation.AbstractMessageConverterMethodProcessor [http-nio-8083-exec-3] Using 'application/json', given [*/*] and supported [application/json, application/*+json, application/json, application/*+json]
2019-09-11 10:59:29,141 DEBUG org.springframework.core.log.LogFormatUtils [http-nio-8083-exec-3] Writing [br.com.clarobr.ratingsdataservice.model.UserRating@501e5ce9]
2019-09-11 10:59:29,144 DEBUG org.springframework.web.servlet.FrameworkServlet [http-nio-8083-exec-3] Completed 200 OK
2019-09-11 11:02:25,744 INFO br.com.clarobr.ratingsdataservice.correlation.CorrelationHeaderFilter [http-nio-8083-exec-5] Found correlationId in Header : 12345678
2019-09-11 11:02:25,822 DEBUG org.springframework.core.log.LogFormatUtils [http-nio-8083-exec-5] GET "/ratingsdata/user/test", parameters={}
2019-09-11 11:02:25,826 DEBUG org.springframework.web.servlet.handler.AbstractHandlerMapping [http-nio-8083-exec-5] Mapped to public br.com.clarobr.ratingsdataservice.model.UserRating br.com.clarobr.ratingsdataservice.resources.RatingsResource.getUserRatings(java.lang.String,org.springframework.http.HttpHeaders)
2019-09-11 11:02:30,828 DEBUG org.springframework.web.servlet.mvc.method.annotation.AbstractMessageConverterMethodProcessor [http-nio-8083-exec-5] Using 'application/json', given [*/*] and supported [application/json, application/*+json, application/json, application/*+json]
2019-09-11 11:02:30,829 DEBUG org.springframework.core.log.LogFormatUtils [http-nio-8083-exec-5] Writing [br.com.clarobr.ratingsdataservice.model.UserRating@3c1fadd6]
2019-09-11 11:02:30,836 DEBUG org.springframework.web.servlet.FrameworkServlet [http-nio-8083-exec-5] Completed 200 OK
2019-09-11 11:09:02,367 INFO br.com.clarobr.ratingsdataservice.correlation.CorrelationHeaderFilter [http-nio-8083-exec-7] Found correlationId in Header : 12345678
2019-09-11 11:09:02,383 DEBUG org.springframework.core.log.LogFormatUtils [http-nio-8083-exec-7] GET "/ratingsdata/user/test", parameters={}
2019-09-11 11:09:02,386 DEBUG org.springframework.web.servlet.handler.AbstractHandlerMapping [http-nio-8083-exec-7] Mapped to public br.com.clarobr.ratingsdataservice.model.UserRating br.com.clarobr.ratingsdataservice.resources.RatingsResource.getUserRatings(java.lang.String,org.springframework.http.HttpHeaders)
2019-09-11 11:09:07,387 DEBUG org.springframework.web.servlet.mvc.method.annotation.AbstractMessageConverterMethodProcessor [http-nio-8083-exec-7] Using 'application/json', given [*/*] and supported [application/json, application/*+json, application/json, application/*+json]
2019-09-11 11:09:07,389 DEBUG org.springframework.core.log.LogFormatUtils [http-nio-8083-exec-7] Writing [br.com.clarobr.ratingsdataservice.model.UserRating@439544d4]
2019-09-11 11:09:07,395 DEBUG org.springframework.web.servlet.FrameworkServlet [http-nio-8083-exec-7] Completed 200 OK
2019-09-11 11:10:53,150 INFO br.com.clarobr.ratingsdataservice.correlation.CorrelationHeaderFilter [http-nio-8083-exec-9] Found correlationId in Header : 12345678
2019-09-11 11:10:53,153 DEBUG org.springframework.core.log.LogFormatUtils [http-nio-8083-exec-9] GET "/ratingsdata/user/test", parameters={}
2019-09-11 11:10:53,154 DEBUG org.springframework.web.servlet.handler.AbstractHandlerMapping [http-nio-8083-exec-9] Mapped to public br.com.clarobr.ratingsdataservice.model.UserRating br.com.clarobr.ratingsdataservice.resources.RatingsResource.getUserRatings(java.lang.String,org.springframework.http.HttpHeaders)
2019-09-11 11:10:58,162 DEBUG org.springframework.web.servlet.mvc.method.annotation.AbstractMessageConverterMethodProcessor [http-nio-8083-exec-9] Using 'application/json', given [*/*] and supported [application/json, application/*+json, application/json, application/*+json]
2019-09-11 11:10:58,164 DEBUG org.springframework.core.log.LogFormatUtils [http-nio-8083-exec-9] Writing [br.com.clarobr.ratingsdataservice.model.UserRating@2c6a1ffd]
2019-09-11 11:10:58,170 DEBUG org.springframework.web.servlet.FrameworkServlet [http-nio-8083-exec-9] Completed 200 OK
2019-09-11 11:12:40,901 INFO org.springframework.boot.admin.SpringApplicationAdminMXBeanRegistrar$SpringApplicationAdmin [RMI TCP Connection(25)-127.0.0.1] Application shutdown requested.
2019-09-11 11:12:40,913 INFO org.springframework.scheduling.concurrent.ExecutorConfigurationSupport [RMI TCP Connection(25)-127.0.0.1] Shutting down ExecutorService 'applicationTaskExecutor'
2019-09-11 11:18:09,313 INFO org.springframework.boot.StartupInfoLogger [main] Starting RatingsDataServiceApplicationTests on localhost.localdomain with PID 15314 (started by dhiego in /home/dhiego/Drive/Developer/Microservices/Claro_Poc/Movel/Integracao/POC/ratings-data-service-dev/ratings-data-service)
2019-09-11 11:18:09,316 INFO org.springframework.boot.SpringApplication [main] No active profile set, falling back to default profiles: default
2019-09-11 11:18:09,383 DEBUG org.springframework.context.support.AbstractApplicationContext [main] Refreshing org.springframework.web.context.support.GenericWebApplicationContext@7ce026d3
2019-09-11 11:18:10,979 DEBUG org.springframework.web.servlet.handler.SimpleUrlHandlerMapping [main] Patterns [/**/favicon.ico] in 'faviconHandlerMapping'
2019-09-11 11:18:11,316 INFO org.springframework.scheduling.concurrent.ExecutorConfigurationSupport [main] Initializing ExecutorService 'applicationTaskExecutor'
2019-09-11 11:18:11,334 DEBUG org.springframework.web.servlet.mvc.method.annotation.RequestMappingHandlerAdapter [main] ControllerAdvice beans: 0 @ModelAttribute, 0 @InitBinder, 1 RequestBodyAdvice, 1 ResponseBodyAdvice
2019-09-11 11:18:11,421 DEBUG org.springframework.web.servlet.handler.AbstractHandlerMethodMapping [main] 4 mappings in 'requestMappingHandlerMapping'
2019-09-11 11:18:11,444 DEBUG org.springframework.web.servlet.handler.SimpleUrlHandlerMapping [main] Patterns [/webjars/**, /**] in 'resourceHandlerMapping'
2019-09-11 11:18:11,462 DEBUG org.springframework.web.servlet.mvc.method.annotation.ExceptionHandlerExceptionResolver [main] ControllerAdvice beans: 0 @ExceptionHandler, 1 ResponseBodyAdvice
2019-09-11 11:18:12,039 INFO org.springframework.boot.actuate.endpoint.web.EndpointLinksResolver [main] Exposing 2 endpoint(s) beneath base path '/actuator'
2019-09-11 11:18:12,116 INFO org.springframework.boot.StartupInfoLogger [main] Started RatingsDataServiceApplicationTests in 3.117 seconds (JVM running for 3.892)
2019-09-11 11:18:12,295 DEBUG org.springframework.context.support.AbstractApplicationContext [Thread-5] Closing org.springframework.web.context.support.GenericWebApplicationContext@7ce026d3, started on Wed Sep 11 11:18:09 BRT 2019
2019-09-11 11:18:12,298 INFO org.springframework.scheduling.concurrent.ExecutorConfigurationSupport [Thread-5] Shutting down ExecutorService 'applicationTaskExecutor'
2019-09-11 15:03:09,515 INFO org.springframework.boot.StartupInfoLogger [main] Starting RatingsDataServiceApplicationTests on localhost.localdomain with PID 29155 (started by dhiego in /home/dhiego/Drive/Developer/Microservices/Claro_Poc/Movel/Integracao/POC/ratings-data-service-dev/ratings-data-service)
2019-09-11 15:03:09,568 INFO org.springframework.boot.SpringApplication [main] No active profile set, falling back to default profiles: default
2019-09-11 15:03:09,719 DEBUG org.springframework.context.support.AbstractApplicationContext [main] Refreshing org.springframework.web.context.support.GenericWebApplicationContext@7ce69770
2019-09-11 15:03:12,763 DEBUG org.springframework.web.servlet.handler.SimpleUrlHandlerMapping [main] Patterns [/**/favicon.ico] in 'faviconHandlerMapping'
2019-09-11 15:03:13,375 INFO org.springframework.scheduling.concurrent.ExecutorConfigurationSupport [main] Initializing ExecutorService 'applicationTaskExecutor'
2019-09-11 15:03:13,389 DEBUG org.springframework.web.servlet.mvc.method.annotation.RequestMappingHandlerAdapter [main] ControllerAdvice beans: 0 @ModelAttribute, 0 @InitBinder, 1 RequestBodyAdvice, 1 ResponseBodyAdvice
2019-09-11 15:03:13,523 DEBUG org.springframework.web.servlet.handler.AbstractHandlerMethodMapping [main] 4 mappings in 'requestMappingHandlerMapping'
2019-09-11 15:03:13,545 DEBUG org.springframework.web.servlet.handler.SimpleUrlHandlerMapping [main] Patterns [/webjars/**, /**] in 'resourceHandlerMapping'
2019-09-11 15:03:13,558 DEBUG org.springframework.web.servlet.mvc.method.annotation.ExceptionHandlerExceptionResolver [main] ControllerAdvice beans: 0 @ExceptionHandler, 1 ResponseBodyAdvice
2019-09-11 15:03:14,382 INFO org.springframework.boot.actuate.endpoint.web.EndpointLinksResolver [main] Exposing 2 endpoint(s) beneath base path '/actuator'
2019-09-11 15:03:14,460 INFO org.springframework.boot.StartupInfoLogger [main] Started RatingsDataServiceApplicationTests in 5.639 seconds (JVM running for 6.682)
2019-09-11 15:03:14,874 DEBUG org.springframework.context.support.AbstractApplicationContext [Thread-5] Closing org.springframework.web.context.support.GenericWebApplicationContext@7ce69770, started on Wed Sep 11 15:03:09 BRT 2019
2019-09-11 15:03:14,878 INFO org.springframework.scheduling.concurrent.ExecutorConfigurationSupport [Thread-5] Shutting down ExecutorService 'applicationTaskExecutor'
