2019-09-04 16:20:49,230 INFO org.springframework.boot.StartupInfoLogger [main] Starting RatingsDataServiceApplication on localhost.localdomain with PID 29027 (/home/dhiego/Drive/Developer/Microservices/Claro_Poc/Movel/Integracao/POC/ratings-data-service-dev/ratings-data-service/target/classes started by dhiego in /home/dhiego/Drive/Developer/Microservices/Claro_Poc/Movel/Integracao/POC/ratings-data-service-dev/ratings-data-service)
2019-09-04 16:20:49,232 INFO org.springframework.boot.SpringApplication [main] No active profile set, falling back to default profiles: default
2019-09-04 16:20:50,079 INFO org.springframework.boot.web.embedded.tomcat.TomcatWebServer [main] Tomcat initialized with port(s): 8083 (http)
2019-09-04 16:20:50,087 INFO org.apache.juli.logging.DirectJDKLog [main] Initializing ProtocolHandler ["http-nio-8083"]
2019-09-04 16:20:50,094 INFO org.apache.juli.logging.DirectJDKLog [main] Starting service [Tomcat]
2019-09-04 16:20:50,094 INFO org.apache.juli.logging.DirectJDKLog [main] Starting Servlet engine: [Apache Tomcat/9.0.21]
2019-09-04 16:20:50,138 INFO org.apache.juli.logging.DirectJDKLog [main] Initializing Spring embedded WebApplicationContext
2019-09-04 16:20:50,138 DEBUG org.springframework.boot.web.servlet.context.ServletWebServerApplicationContext [main] Published root WebApplicationContext as ServletContext attribute with name [org.springframework.web.context.WebApplicationContext.ROOT]
2019-09-04 16:20:50,138 INFO org.springframework.boot.web.servlet.context.ServletWebServerApplicationContext [main] Root WebApplicationContext: initialization completed in 881 ms
2019-09-04 16:20:50,435 INFO io.jaegertracing.Configuration [main] Initialized tracer=JaegerTracer(version=Java-0.34.0, serviceName=ratings-data-service, reporter=CompositeReporter(reporters=[RemoteReporter(sender=UdpSender(), closeEnqueueTimeout=1000), LoggingReporter(logger=Logger[io.jaegertracing.internal.reporters.LoggingReporter])]), sampler=ConstSampler(decision=true, tags={sampler.type=const, sampler.param=true}), tags={hostname=localhost.localdomain, jaeger.version=Java-0.34.0, ip=127.0.0.1}, zipkinSharedRpcSpan=false, expandExceptionLogs=false, useTraceId128Bit=false)
2019-09-04 16:20:50,487 DEBUG org.springframework.web.servlet.handler.SimpleUrlHandlerMapping [main] Patterns [/**/favicon.ico] in 'faviconHandlerMapping'
2019-09-04 16:20:50,591 INFO org.springframework.scheduling.concurrent.ExecutorConfigurationSupport [main] Initializing ExecutorService 'applicationTaskExecutor'
2019-09-04 16:20:50,604 DEBUG org.springframework.web.servlet.mvc.method.annotation.RequestMappingHandlerAdapter [main] ControllerAdvice beans: 0 @ModelAttribute, 0 @InitBinder, 1 RequestBodyAdvice, 1 ResponseBodyAdvice
2019-09-04 16:20:50,670 DEBUG org.springframework.web.servlet.handler.AbstractHandlerMethodMapping [main] 4 mappings in 'requestMappingHandlerMapping'
2019-09-04 16:20:50,681 DEBUG org.springframework.web.servlet.handler.SimpleUrlHandlerMapping [main] Patterns [/webjars/**, /**] in 'resourceHandlerMapping'
2019-09-04 16:20:50,900 DEBUG org.springframework.web.servlet.mvc.method.annotation.ExceptionHandlerExceptionResolver [main] ControllerAdvice beans: 0 @ExceptionHandler, 1 ResponseBodyAdvice
2019-09-04 16:20:51,146 INFO org.springframework.boot.actuate.endpoint.web.EndpointLinksResolver [main] Exposing 2 endpoint(s) beneath base path '/actuator'
2019-09-04 16:20:51,215 INFO org.apache.juli.logging.DirectJDKLog [main] Starting ProtocolHandler ["http-nio-8083"]
2019-09-04 16:20:51,245 INFO org.springframework.boot.web.embedded.tomcat.TomcatWebServer [main] Tomcat started on port(s): 8083 (http) with context path ''
2019-09-04 16:20:51,253 INFO org.springframework.boot.StartupInfoLogger [main] Started RatingsDataServiceApplication in 2.359 seconds (JVM running for 2.721)
2019-09-04 16:21:26,159 INFO org.apache.juli.logging.DirectJDKLog [http-nio-8083-exec-1] Initializing Spring DispatcherServlet 'dispatcherServlet'
2019-09-04 16:21:26,159 INFO org.springframework.web.servlet.FrameworkServlet [http-nio-8083-exec-1] Initializing Servlet 'dispatcherServlet'
2019-09-04 16:21:26,159 DEBUG org.springframework.web.servlet.DispatcherServlet [http-nio-8083-exec-1] Detected StandardServletMultipartResolver
2019-09-04 16:21:26,173 DEBUG org.springframework.web.servlet.FrameworkServlet [http-nio-8083-exec-1] enableLoggingRequestDetails='false': request parameters and headers will be masked to prevent unsafe logging of potentially sensitive data
2019-09-04 16:21:26,173 INFO org.springframework.web.servlet.FrameworkServlet [http-nio-8083-exec-1] Completed initialization in 14 ms
2019-09-04 16:21:26,190 INFO br.com.clarobr.ratingsdataservice.correlation.CorrelationHeaderFilter [http-nio-8083-exec-1] Found correlationId in Header : 12345678
2019-09-04 16:21:26,192 DEBUG org.springframework.core.log.LogFormatUtils [http-nio-8083-exec-1] GET "/ratingsdata/user/test", parameters={}
2019-09-04 16:21:26,204 DEBUG org.springframework.web.servlet.handler.AbstractHandlerMapping [http-nio-8083-exec-1] Mapped to public br.com.clarobr.ratingsdataservice.model.UserRating br.com.clarobr.ratingsdataservice.resources.RatingsResource.getUserRatings(java.lang.String,org.springframework.http.HttpHeaders)
2019-09-04 16:21:31,237 INFO io.jaegertracing.internal.reporters.LoggingReporter [http-nio-8083-exec-1] Span reported: 6fbaeef567f4efef:6fbaeef567f4efef:0:1 - /ratingsdata/user/{userId}
2019-09-04 16:21:31,332 DEBUG org.springframework.web.servlet.mvc.method.annotation.AbstractMessageConverterMethodProcessor [http-nio-8083-exec-1] Using 'application/json', given [application/json, application/*+json] and supported [application/json, application/*+json, application/json, application/*+json]
2019-09-04 16:21:31,333 DEBUG org.springframework.core.log.LogFormatUtils [http-nio-8083-exec-1] Writing [br.com.clarobr.ratingsdataservice.model.UserRating@7791e7e8]
2019-09-04 16:21:31,354 DEBUG org.springframework.web.servlet.FrameworkServlet [http-nio-8083-exec-1] Completed 200 OK
2019-09-04 16:22:11,377 INFO org.springframework.boot.admin.SpringApplicationAdminMXBeanRegistrar$SpringApplicationAdmin [RMI TCP Connection(9)-127.0.0.1] Application shutdown requested.
2019-09-04 16:22:11,386 INFO org.springframework.scheduling.concurrent.ExecutorConfigurationSupport [RMI TCP Connection(9)-127.0.0.1] Shutting down ExecutorService 'applicationTaskExecutor'
2019-09-04 16:35:36,488 INFO org.springframework.boot.StartupInfoLogger [main] Starting RatingsDataServiceApplication on localhost.localdomain with PID 30905 (/home/dhiego/Drive/Developer/Microservices/Claro_Poc/Movel/Integracao/POC/ratings-data-service-dev/ratings-data-service/target/classes started by dhiego in /home/dhiego/Drive/Developer/Microservices/Claro_Poc/Movel/Integracao/POC/ratings-data-service-dev/ratings-data-service)
2019-09-04 16:35:36,505 INFO org.springframework.boot.SpringApplication [main] No active profile set, falling back to default profiles: default
2019-09-04 16:35:37,521 INFO org.springframework.boot.web.embedded.tomcat.TomcatWebServer [main] Tomcat initialized with port(s): 8083 (http)
2019-09-04 16:35:37,532 INFO org.apache.juli.logging.DirectJDKLog [main] Initializing ProtocolHandler ["http-nio-8083"]
2019-09-04 16:35:37,540 INFO org.apache.juli.logging.DirectJDKLog [main] Starting service [Tomcat]
2019-09-04 16:35:37,540 INFO org.apache.juli.logging.DirectJDKLog [main] Starting Servlet engine: [Apache Tomcat/9.0.21]
2019-09-04 16:35:37,594 INFO org.apache.juli.logging.DirectJDKLog [main] Initializing Spring embedded WebApplicationContext
2019-09-04 16:35:37,594 DEBUG org.springframework.boot.web.servlet.context.ServletWebServerApplicationContext [main] Published root WebApplicationContext as ServletContext attribute with name [org.springframework.web.context.WebApplicationContext.ROOT]
2019-09-04 16:35:37,594 INFO org.springframework.boot.web.servlet.context.ServletWebServerApplicationContext [main] Root WebApplicationContext: initialization completed in 1048 ms
2019-09-04 16:35:38,130 INFO io.jaegertracing.Configuration [main] Initialized tracer=JaegerTracer(version=Java-0.34.0, serviceName=ratings-data-service, reporter=CompositeReporter(reporters=[RemoteReporter(sender=UdpSender(), closeEnqueueTimeout=1000), LoggingReporter(logger=Logger[io.jaegertracing.internal.reporters.LoggingReporter])]), sampler=ConstSampler(decision=true, tags={sampler.type=const, sampler.param=true}), tags={hostname=localhost.localdomain, jaeger.version=Java-0.34.0, ip=127.0.0.1}, zipkinSharedRpcSpan=false, expandExceptionLogs=false, useTraceId128Bit=false)
2019-09-04 16:35:38,207 DEBUG org.springframework.web.servlet.handler.SimpleUrlHandlerMapping [main] Patterns [/**/favicon.ico] in 'faviconHandlerMapping'
2019-09-04 16:35:38,320 INFO org.springframework.scheduling.concurrent.ExecutorConfigurationSupport [main] Initializing ExecutorService 'applicationTaskExecutor'
2019-09-04 16:35:38,328 DEBUG org.springframework.web.servlet.mvc.method.annotation.RequestMappingHandlerAdapter [main] ControllerAdvice beans: 0 @ModelAttribute, 0 @InitBinder, 1 RequestBodyAdvice, 1 ResponseBodyAdvice
2019-09-04 16:35:38,475 DEBUG org.springframework.web.servlet.handler.AbstractHandlerMethodMapping [main] 4 mappings in 'requestMappingHandlerMapping'
2019-09-04 16:35:38,491 DEBUG org.springframework.web.servlet.handler.SimpleUrlHandlerMapping [main] Patterns [/webjars/**, /**] in 'resourceHandlerMapping'
2019-09-04 16:35:38,503 DEBUG org.springframework.web.servlet.mvc.method.annotation.ExceptionHandlerExceptionResolver [main] ControllerAdvice beans: 0 @ExceptionHandler, 1 ResponseBodyAdvice
2019-09-04 16:35:38,683 INFO org.springframework.boot.actuate.endpoint.web.EndpointLinksResolver [main] Exposing 2 endpoint(s) beneath base path '/actuator'
2019-09-04 16:35:38,721 INFO org.apache.juli.logging.DirectJDKLog [main] Starting ProtocolHandler ["http-nio-8083"]
2019-09-04 16:35:38,752 INFO org.springframework.boot.web.embedded.tomcat.TomcatWebServer [main] Tomcat started on port(s): 8083 (http) with context path ''
2019-09-04 16:35:38,755 INFO org.springframework.boot.StartupInfoLogger [main] Started RatingsDataServiceApplication in 2.854 seconds (JVM running for 3.28)
2019-09-04 16:35:52,255 INFO org.apache.juli.logging.DirectJDKLog [http-nio-8083-exec-2] Initializing Spring DispatcherServlet 'dispatcherServlet'
2019-09-04 16:35:52,255 INFO org.springframework.web.servlet.FrameworkServlet [http-nio-8083-exec-2] Initializing Servlet 'dispatcherServlet'
2019-09-04 16:35:52,257 DEBUG org.springframework.web.servlet.DispatcherServlet [http-nio-8083-exec-2] Detected StandardServletMultipartResolver
2019-09-04 16:35:52,264 DEBUG org.springframework.web.servlet.FrameworkServlet [http-nio-8083-exec-2] enableLoggingRequestDetails='false': request parameters and headers will be masked to prevent unsafe logging of potentially sensitive data
2019-09-04 16:35:52,264 INFO org.springframework.web.servlet.FrameworkServlet [http-nio-8083-exec-2] Completed initialization in 8 ms
2019-09-04 16:35:52,270 INFO br.com.clarobr.ratingsdataservice.correlation.CorrelationHeaderFilter [http-nio-8083-exec-2] Found correlationId in Header : 12345678
2019-09-04 16:35:52,343 DEBUG org.springframework.core.log.LogFormatUtils [http-nio-8083-exec-2] GET "/ratingsdata/user/test", parameters={}
2019-09-04 16:35:52,358 DEBUG org.springframework.web.servlet.handler.AbstractHandlerMapping [http-nio-8083-exec-2] Mapped to public br.com.clarobr.ratingsdataservice.model.UserRating br.com.clarobr.ratingsdataservice.resources.RatingsResource.getUserRatings(java.lang.String,org.springframework.http.HttpHeaders)
2019-09-04 16:35:57,433 INFO io.jaegertracing.internal.reporters.LoggingReporter [http-nio-8083-exec-2] Span reported: becc5c7524a76800:becc5c7524a76800:0:1 - /ratingsdata/user/{userId}
2019-09-04 16:35:57,494 DEBUG org.springframework.web.servlet.mvc.method.annotation.AbstractMessageConverterMethodProcessor [http-nio-8083-exec-2] Using 'application/json', given [application/json, application/*+json] and supported [application/json, application/*+json, application/json, application/*+json]
2019-09-04 16:35:57,495 DEBUG org.springframework.core.log.LogFormatUtils [http-nio-8083-exec-2] Writing [br.com.clarobr.ratingsdataservice.model.UserRating@6d8071cc]
2019-09-04 16:35:57,603 DEBUG org.springframework.web.servlet.FrameworkServlet [http-nio-8083-exec-2] Completed 200 OK
2019-09-04 16:36:12,950 INFO org.springframework.boot.admin.SpringApplicationAdminMXBeanRegistrar$SpringApplicationAdmin [RMI TCP Connection(13)-127.0.0.1] Application shutdown requested.
2019-09-04 16:36:12,956 INFO org.springframework.scheduling.concurrent.ExecutorConfigurationSupport [RMI TCP Connection(13)-127.0.0.1] Shutting down ExecutorService 'applicationTaskExecutor'
