2019-09-10 18:57:56,871 INFO org.springframework.boot.StartupInfoLogger [main] Starting RatingsDataServiceApplication on localhost.localdomain with PID 17124 (/home/dhiego/Drive/Developer/Microservices/Claro_Poc/Movel/Integracao/POC/ratings-data-service-dev/ratings-data-service/target/classes started by dhiego in /home/dhiego/Drive/Developer/Microservices/Claro_Poc/Movel/Integracao/POC/ratings-data-service-dev/ratings-data-service)
2019-09-10 18:57:57,028 INFO org.springframework.boot.SpringApplication [main] No active profile set, falling back to default profiles: default
2019-09-10 18:57:58,173 INFO org.springframework.boot.web.embedded.tomcat.TomcatWebServer [main] Tomcat initialized with port(s): 8083 (http)
2019-09-10 18:57:58,183 INFO org.apache.juli.logging.DirectJDKLog [main] Initializing ProtocolHandler ["http-nio-8083"]
2019-09-10 18:57:58,190 INFO org.apache.juli.logging.DirectJDKLog [main] Starting service [Tomcat]
2019-09-10 18:57:58,191 INFO org.apache.juli.logging.DirectJDKLog [main] Starting Servlet engine: [Apache Tomcat/9.0.21]
2019-09-10 18:57:58,241 INFO org.apache.juli.logging.DirectJDKLog [main] Initializing Spring embedded WebApplicationContext
2019-09-10 18:57:58,241 DEBUG org.springframework.boot.web.servlet.context.ServletWebServerApplicationContext [main] Published root WebApplicationContext as ServletContext attribute with name [org.springframework.web.context.WebApplicationContext.ROOT]
2019-09-10 18:57:58,242 INFO org.springframework.boot.web.servlet.context.ServletWebServerApplicationContext [main] Root WebApplicationContext: initialization completed in 1139 ms
2019-09-10 18:57:58,696 DEBUG org.springframework.web.servlet.handler.SimpleUrlHandlerMapping [main] Patterns [/**/favicon.ico] in 'faviconHandlerMapping'
2019-09-10 18:57:59,304 INFO org.springframework.scheduling.concurrent.ExecutorConfigurationSupport [main] Initializing ExecutorService 'applicationTaskExecutor'
2019-09-10 18:57:59,313 DEBUG org.springframework.web.servlet.mvc.method.annotation.RequestMappingHandlerAdapter [main] ControllerAdvice beans: 0 @ModelAttribute, 0 @InitBinder, 1 RequestBodyAdvice, 1 ResponseBodyAdvice
2019-09-10 18:57:59,700 DEBUG org.springframework.web.servlet.handler.AbstractHandlerMethodMapping [main] 4 mappings in 'requestMappingHandlerMapping'
2019-09-10 18:57:59,715 DEBUG org.springframework.web.servlet.handler.SimpleUrlHandlerMapping [main] Patterns [/webjars/**, /**] in 'resourceHandlerMapping'
2019-09-10 18:57:59,784 DEBUG org.springframework.web.servlet.mvc.method.annotation.ExceptionHandlerExceptionResolver [main] ControllerAdvice beans: 0 @ExceptionHandler, 1 ResponseBodyAdvice
2019-09-10 18:58:01,295 INFO org.springframework.boot.actuate.endpoint.web.EndpointLinksResolver [main] Exposing 2 endpoint(s) beneath base path '/actuator'
2019-09-10 18:58:01,435 INFO org.apache.juli.logging.DirectJDKLog [main] Starting ProtocolHandler ["http-nio-8083"]
2019-09-10 18:58:01,840 INFO org.springframework.boot.web.embedded.tomcat.TomcatWebServer [main] Tomcat started on port(s): 8083 (http) with context path ''
2019-09-10 18:58:01,853 INFO org.springframework.boot.StartupInfoLogger [main] Started RatingsDataServiceApplication in 5.663 seconds (JVM running for 6.28)
2019-09-10 18:58:03,080 INFO org.apache.juli.logging.DirectJDKLog [RMI TCP Connection(3)-127.0.0.1] Initializing Spring DispatcherServlet 'dispatcherServlet'
2019-09-10 18:58:03,082 INFO org.springframework.web.servlet.FrameworkServlet [RMI TCP Connection(3)-127.0.0.1] Initializing Servlet 'dispatcherServlet'
2019-09-10 18:58:03,084 DEBUG org.springframework.web.servlet.DispatcherServlet [RMI TCP Connection(3)-127.0.0.1] Detected StandardServletMultipartResolver
2019-09-10 18:58:03,155 DEBUG org.springframework.web.servlet.FrameworkServlet [RMI TCP Connection(3)-127.0.0.1] enableLoggingRequestDetails='false': request parameters and headers will be masked to prevent unsafe logging of potentially sensitive data
2019-09-10 18:58:03,155 INFO org.springframework.web.servlet.FrameworkServlet [RMI TCP Connection(3)-127.0.0.1] Completed initialization in 72 ms
2019-09-10 18:58:25,698 INFO br.com.clarobr.ratingsdataservice.correlation.CorrelationHeaderFilter [http-nio-8083-exec-1] Found correlationId in Header : 12345678
2019-09-10 18:58:27,577 DEBUG org.springframework.core.log.LogFormatUtils [http-nio-8083-exec-1] GET "/ratingsdata/user/test", parameters={}
2019-09-10 18:58:29,135 DEBUG org.springframework.web.servlet.handler.AbstractHandlerMapping [http-nio-8083-exec-1] Mapped to public br.com.clarobr.ratingsdataservice.model.UserRating br.com.clarobr.ratingsdataservice.resources.RatingsResource.getUserRatings(java.lang.String,org.springframework.http.HttpHeaders)
2019-09-10 18:58:37,859 DEBUG org.springframework.web.servlet.mvc.method.annotation.AbstractMessageConverterMethodProcessor [http-nio-8083-exec-1] Using 'application/json', given [application/json, application/*+json] and supported [application/json, application/*+json, application/json, application/*+json]
2019-09-10 18:58:37,861 DEBUG org.springframework.core.log.LogFormatUtils [http-nio-8083-exec-1] Writing [br.com.clarobr.ratingsdataservice.model.UserRating@5c0a0082]
2019-09-10 18:58:38,311 DEBUG org.springframework.web.servlet.FrameworkServlet [http-nio-8083-exec-1] Completed 200 OK
2019-09-10 18:58:39,105 INFO br.com.clarobr.ratingsdataservice.correlation.CorrelationHeaderFilter [http-nio-8083-exec-2] Found correlationId in Header : 12345678
2019-09-10 18:58:39,106 DEBUG org.springframework.core.log.LogFormatUtils [http-nio-8083-exec-2] GET "/ratingsdata/user/test", parameters={}
2019-09-10 18:58:39,107 DEBUG org.springframework.web.servlet.handler.AbstractHandlerMapping [http-nio-8083-exec-2] Mapped to public br.com.clarobr.ratingsdataservice.model.UserRating br.com.clarobr.ratingsdataservice.resources.RatingsResource.getUserRatings(java.lang.String,org.springframework.http.HttpHeaders)
2019-09-10 18:58:44,109 DEBUG org.springframework.web.servlet.mvc.method.annotation.AbstractMessageConverterMethodProcessor [http-nio-8083-exec-2] Using 'application/json', given [application/json, application/*+json] and supported [application/json, application/*+json, application/json, application/*+json]
2019-09-10 18:58:44,111 DEBUG org.springframework.core.log.LogFormatUtils [http-nio-8083-exec-2] Writing [br.com.clarobr.ratingsdataservice.model.UserRating@3ed19a78]
2019-09-10 18:58:44,116 DEBUG org.springframework.web.servlet.FrameworkServlet [http-nio-8083-exec-2] Completed 200 OK
2019-09-10 18:58:44,621 INFO br.com.clarobr.ratingsdataservice.correlation.CorrelationHeaderFilter [http-nio-8083-exec-3] Found correlationId in Header : 12345678
2019-09-10 18:58:44,622 DEBUG org.springframework.core.log.LogFormatUtils [http-nio-8083-exec-3] GET "/ratingsdata/user/test", parameters={}
2019-09-10 18:58:44,624 DEBUG org.springframework.web.servlet.handler.AbstractHandlerMapping [http-nio-8083-exec-3] Mapped to public br.com.clarobr.ratingsdataservice.model.UserRating br.com.clarobr.ratingsdataservice.resources.RatingsResource.getUserRatings(java.lang.String,org.springframework.http.HttpHeaders)
2019-09-10 18:58:49,625 DEBUG org.springframework.web.servlet.mvc.method.annotation.AbstractMessageConverterMethodProcessor [http-nio-8083-exec-3] Using 'application/json', given [application/json, application/*+json] and supported [application/json, application/*+json, application/json, application/*+json]
2019-09-10 18:58:49,627 DEBUG org.springframework.core.log.LogFormatUtils [http-nio-8083-exec-3] Writing [br.com.clarobr.ratingsdataservice.model.UserRating@15220be1]
2019-09-10 18:58:49,640 DEBUG org.springframework.web.servlet.FrameworkServlet [http-nio-8083-exec-3] Completed 200 OK
2019-09-10 19:00:16,307 INFO br.com.clarobr.ratingsdataservice.correlation.CorrelationHeaderFilter [http-nio-8083-exec-4] Found correlationId in Header : 12345678
2019-09-10 19:00:16,328 DEBUG org.springframework.core.log.LogFormatUtils [http-nio-8083-exec-4] GET "/ratingsdata/user/test", parameters={}
2019-09-10 19:00:16,330 DEBUG org.springframework.web.servlet.handler.AbstractHandlerMapping [http-nio-8083-exec-4] Mapped to public br.com.clarobr.ratingsdataservice.model.UserRating br.com.clarobr.ratingsdataservice.resources.RatingsResource.getUserRatings(java.lang.String,org.springframework.http.HttpHeaders)
2019-09-10 19:00:21,332 DEBUG org.springframework.web.servlet.mvc.method.annotation.AbstractMessageConverterMethodProcessor [http-nio-8083-exec-4] Using 'application/json', given [application/json, application/*+json] and supported [application/json, application/*+json, application/json, application/*+json]
2019-09-10 19:00:21,334 DEBUG org.springframework.core.log.LogFormatUtils [http-nio-8083-exec-4] Writing [br.com.clarobr.ratingsdataservice.model.UserRating@71c4208e]
2019-09-10 19:00:21,339 DEBUG org.springframework.web.servlet.FrameworkServlet [http-nio-8083-exec-4] Completed 200 OK
2019-09-10 19:00:21,846 INFO br.com.clarobr.ratingsdataservice.correlation.CorrelationHeaderFilter [http-nio-8083-exec-5] Found correlationId in Header : 12345678
2019-09-10 19:00:21,847 DEBUG org.springframework.core.log.LogFormatUtils [http-nio-8083-exec-5] GET "/ratingsdata/user/test", parameters={}
2019-09-10 19:00:21,855 DEBUG org.springframework.web.servlet.handler.AbstractHandlerMapping [http-nio-8083-exec-5] Mapped to public br.com.clarobr.ratingsdataservice.model.UserRating br.com.clarobr.ratingsdataservice.resources.RatingsResource.getUserRatings(java.lang.String,org.springframework.http.HttpHeaders)
2019-09-10 19:00:26,859 DEBUG org.springframework.web.servlet.mvc.method.annotation.AbstractMessageConverterMethodProcessor [http-nio-8083-exec-5] Using 'application/json', given [application/json, application/*+json] and supported [application/json, application/*+json, application/json, application/*+json]
2019-09-10 19:00:26,861 DEBUG org.springframework.core.log.LogFormatUtils [http-nio-8083-exec-5] Writing [br.com.clarobr.ratingsdataservice.model.UserRating@2db938a4]
2019-09-10 19:00:26,865 DEBUG org.springframework.web.servlet.FrameworkServlet [http-nio-8083-exec-5] Completed 200 OK
2019-09-10 19:00:27,374 INFO br.com.clarobr.ratingsdataservice.correlation.CorrelationHeaderFilter [http-nio-8083-exec-6] Found correlationId in Header : 12345678
2019-09-10 19:00:27,375 DEBUG org.springframework.core.log.LogFormatUtils [http-nio-8083-exec-6] GET "/ratingsdata/user/test", parameters={}
2019-09-10 19:00:27,380 DEBUG org.springframework.web.servlet.handler.AbstractHandlerMapping [http-nio-8083-exec-6] Mapped to public br.com.clarobr.ratingsdataservice.model.UserRating br.com.clarobr.ratingsdataservice.resources.RatingsResource.getUserRatings(java.lang.String,org.springframework.http.HttpHeaders)
2019-09-10 19:00:32,384 DEBUG org.springframework.web.servlet.mvc.method.annotation.AbstractMessageConverterMethodProcessor [http-nio-8083-exec-6] Using 'application/json', given [application/json, application/*+json] and supported [application/json, application/*+json, application/json, application/*+json]
2019-09-10 19:00:32,385 DEBUG org.springframework.core.log.LogFormatUtils [http-nio-8083-exec-6] Writing [br.com.clarobr.ratingsdataservice.model.UserRating@7df2ca43]
2019-09-10 19:00:32,388 DEBUG org.springframework.web.servlet.FrameworkServlet [http-nio-8083-exec-6] Completed 200 OK
2019-09-10 19:01:47,600 INFO org.springframework.boot.admin.SpringApplicationAdminMXBeanRegistrar$SpringApplicationAdmin [RMI TCP Connection(17)-127.0.0.1] Application shutdown requested.
2019-09-10 19:01:47,622 INFO org.springframework.scheduling.concurrent.ExecutorConfigurationSupport [RMI TCP Connection(17)-127.0.0.1] Shutting down ExecutorService 'applicationTaskExecutor'
2019-09-10 19:32:10,613 INFO org.springframework.boot.StartupInfoLogger [main] Starting RatingsDataServiceApplicationTests on localhost.localdomain with PID 21857 (started by dhiego in /home/dhiego/Drive/Developer/Microservices/Claro_Poc/Movel/Integracao/POC/ratings-data-service-dev/ratings-data-service)
2019-09-10 19:32:10,648 INFO org.springframework.boot.SpringApplication [main] No active profile set, falling back to default profiles: default
2019-09-10 19:32:10,687 DEBUG org.springframework.context.support.AbstractApplicationContext [main] Refreshing org.springframework.web.context.support.GenericWebApplicationContext@1750fbeb
2019-09-10 19:32:12,236 DEBUG org.springframework.web.servlet.handler.SimpleUrlHandlerMapping [main] Patterns [/**/favicon.ico] in 'faviconHandlerMapping'
2019-09-10 19:32:12,640 INFO org.springframework.scheduling.concurrent.ExecutorConfigurationSupport [main] Initializing ExecutorService 'applicationTaskExecutor'
2019-09-10 19:32:12,689 DEBUG org.springframework.web.servlet.mvc.method.annotation.RequestMappingHandlerAdapter [main] ControllerAdvice beans: 0 @ModelAttribute, 0 @InitBinder, 1 RequestBodyAdvice, 1 ResponseBodyAdvice
2019-09-10 19:32:12,778 DEBUG org.springframework.web.servlet.handler.AbstractHandlerMethodMapping [main] 4 mappings in 'requestMappingHandlerMapping'
2019-09-10 19:32:12,801 DEBUG org.springframework.web.servlet.handler.SimpleUrlHandlerMapping [main] Patterns [/webjars/**, /**] in 'resourceHandlerMapping'
2019-09-10 19:32:12,826 DEBUG org.springframework.web.servlet.mvc.method.annotation.ExceptionHandlerExceptionResolver [main] ControllerAdvice beans: 0 @ExceptionHandler, 1 ResponseBodyAdvice
2019-09-10 19:32:13,385 INFO org.springframework.boot.actuate.endpoint.web.EndpointLinksResolver [main] Exposing 2 endpoint(s) beneath base path '/actuator'
2019-09-10 19:32:13,501 INFO org.springframework.boot.StartupInfoLogger [main] Started RatingsDataServiceApplicationTests in 3.328 seconds (JVM running for 4.162)
2019-09-10 19:32:13,749 DEBUG org.springframework.context.support.AbstractApplicationContext [Thread-5] Closing org.springframework.web.context.support.GenericWebApplicationContext@1750fbeb, started on Tue Sep 10 19:32:10 BRT 2019
2019-09-10 19:32:13,752 INFO org.springframework.scheduling.concurrent.ExecutorConfigurationSupport [Thread-5] Shutting down ExecutorService 'applicationTaskExecutor'
2019-09-10 22:00:01,007 INFO org.springframework.boot.StartupInfoLogger [main] Starting RatingsDataServiceApplicationTests on localhost.localdomain with PID 31933 (started by dhiego in /home/dhiego/Drive/Developer/Microservices/Claro_Poc/Movel/Integracao/POC/ratings-data-service-dev/ratings-data-service)
2019-09-10 22:00:01,023 INFO org.springframework.boot.SpringApplication [main] No active profile set, falling back to default profiles: default
2019-09-10 22:00:01,093 DEBUG org.springframework.context.support.AbstractApplicationContext [main] Refreshing org.springframework.web.context.support.GenericWebApplicationContext@7ce026d3
2019-09-10 22:00:02,806 DEBUG org.springframework.web.servlet.handler.SimpleUrlHandlerMapping [main] Patterns [/**/favicon.ico] in 'faviconHandlerMapping'
2019-09-10 22:00:03,122 INFO org.springframework.scheduling.concurrent.ExecutorConfigurationSupport [main] Initializing ExecutorService 'applicationTaskExecutor'
2019-09-10 22:00:03,137 DEBUG org.springframework.web.servlet.mvc.method.annotation.RequestMappingHandlerAdapter [main] ControllerAdvice beans: 0 @ModelAttribute, 0 @InitBinder, 1 RequestBodyAdvice, 1 ResponseBodyAdvice
2019-09-10 22:00:03,225 DEBUG org.springframework.web.servlet.handler.AbstractHandlerMethodMapping [main] 4 mappings in 'requestMappingHandlerMapping'
2019-09-10 22:00:03,251 DEBUG org.springframework.web.servlet.handler.SimpleUrlHandlerMapping [main] Patterns [/webjars/**, /**] in 'resourceHandlerMapping'
2019-09-10 22:00:03,271 DEBUG org.springframework.web.servlet.mvc.method.annotation.ExceptionHandlerExceptionResolver [main] ControllerAdvice beans: 0 @ExceptionHandler, 1 ResponseBodyAdvice
2019-09-10 22:00:03,862 INFO org.springframework.boot.actuate.endpoint.web.EndpointLinksResolver [main] Exposing 2 endpoint(s) beneath base path '/actuator'
2019-09-10 22:00:03,938 INFO org.springframework.boot.StartupInfoLogger [main] Started RatingsDataServiceApplicationTests in 3.238 seconds (JVM running for 3.907)
2019-09-10 22:00:04,105 DEBUG org.springframework.context.support.AbstractApplicationContext [Thread-5] Closing org.springframework.web.context.support.GenericWebApplicationContext@7ce026d3, started on Tue Sep 10 22:00:01 BRT 2019
2019-09-10 22:00:04,111 INFO org.springframework.scheduling.concurrent.ExecutorConfigurationSupport [Thread-5] Shutting down ExecutorService 'applicationTaskExecutor'
2019-09-10 22:07:51,732 INFO org.springframework.boot.StartupInfoLogger [main] Starting RatingsDataServiceApplicationTests on localhost.localdomain with PID 963 (started by dhiego in /home/dhiego/Drive/Developer/Microservices/Claro_Poc/Movel/Integracao/POC/ratings-data-service-dev/ratings-data-service)
2019-09-10 22:07:51,747 INFO org.springframework.boot.SpringApplication [main] No active profile set, falling back to default profiles: default
2019-09-10 22:07:51,781 DEBUG org.springframework.context.support.AbstractApplicationContext [main] Refreshing org.springframework.web.context.support.GenericWebApplicationContext@1750fbeb
2019-09-10 22:07:53,268 DEBUG org.springframework.web.servlet.handler.SimpleUrlHandlerMapping [main] Patterns [/**/favicon.ico] in 'faviconHandlerMapping'
2019-09-10 22:07:53,618 INFO org.springframework.scheduling.concurrent.ExecutorConfigurationSupport [main] Initializing ExecutorService 'applicationTaskExecutor'
2019-09-10 22:07:53,637 DEBUG org.springframework.web.servlet.mvc.method.annotation.RequestMappingHandlerAdapter [main] ControllerAdvice beans: 0 @ModelAttribute, 0 @InitBinder, 1 RequestBodyAdvice, 1 ResponseBodyAdvice
2019-09-10 22:07:53,813 DEBUG org.springframework.web.servlet.handler.AbstractHandlerMethodMapping [main] 4 mappings in 'requestMappingHandlerMapping'
2019-09-10 22:07:53,839 DEBUG org.springframework.web.servlet.handler.SimpleUrlHandlerMapping [main] Patterns [/webjars/**, /**] in 'resourceHandlerMapping'
2019-09-10 22:07:53,854 DEBUG org.springframework.web.servlet.mvc.method.annotation.ExceptionHandlerExceptionResolver [main] ControllerAdvice beans: 0 @ExceptionHandler, 1 ResponseBodyAdvice
2019-09-10 22:07:54,454 INFO org.springframework.boot.actuate.endpoint.web.EndpointLinksResolver [main] Exposing 2 endpoint(s) beneath base path '/actuator'
2019-09-10 22:07:54,541 INFO org.springframework.boot.StartupInfoLogger [main] Started RatingsDataServiceApplicationTests in 3.165 seconds (JVM running for 3.842)
2019-09-10 22:07:54,737 DEBUG org.springframework.context.support.AbstractApplicationContext [Thread-2] Closing org.springframework.web.context.support.GenericWebApplicationContext@1750fbeb, started on Tue Sep 10 22:07:51 BRT 2019
2019-09-10 22:07:54,745 INFO org.springframework.scheduling.concurrent.ExecutorConfigurationSupport [Thread-2] Shutting down ExecutorService 'applicationTaskExecutor'
2019-09-10 22:37:09,328 INFO org.springframework.boot.StartupInfoLogger [main] Starting RatingsDataServiceApplicationTests on localhost.localdomain with PID 3519 (started by dhiego in /home/dhiego/Drive/Developer/Microservices/Claro_Poc/Movel/Integracao/POC/ratings-data-service-dev/ratings-data-service)
2019-09-10 22:37:09,336 INFO org.springframework.boot.SpringApplication [main] No active profile set, falling back to default profiles: default
2019-09-10 22:37:09,377 DEBUG org.springframework.context.support.AbstractApplicationContext [main] Refreshing org.springframework.web.context.support.GenericWebApplicationContext@1750fbeb
2019-09-10 22:37:10,907 DEBUG org.springframework.web.servlet.handler.SimpleUrlHandlerMapping [main] Patterns [/**/favicon.ico] in 'faviconHandlerMapping'
2019-09-10 22:37:11,258 INFO org.springframework.scheduling.concurrent.ExecutorConfigurationSupport [main] Initializing ExecutorService 'applicationTaskExecutor'
2019-09-10 22:37:11,278 DEBUG org.springframework.web.servlet.mvc.method.annotation.RequestMappingHandlerAdapter [main] ControllerAdvice beans: 0 @ModelAttribute, 0 @InitBinder, 1 RequestBodyAdvice, 1 ResponseBodyAdvice
2019-09-10 22:37:11,440 DEBUG org.springframework.web.servlet.handler.AbstractHandlerMethodMapping [main] 4 mappings in 'requestMappingHandlerMapping'
2019-09-10 22:37:11,466 DEBUG org.springframework.web.servlet.handler.SimpleUrlHandlerMapping [main] Patterns [/webjars/**, /**] in 'resourceHandlerMapping'
2019-09-10 22:37:11,483 DEBUG org.springframework.web.servlet.mvc.method.annotation.ExceptionHandlerExceptionResolver [main] ControllerAdvice beans: 0 @ExceptionHandler, 1 ResponseBodyAdvice
2019-09-10 22:37:12,091 INFO org.springframework.boot.actuate.endpoint.web.EndpointLinksResolver [main] Exposing 2 endpoint(s) beneath base path '/actuator'
2019-09-10 22:37:12,165 INFO org.springframework.boot.StartupInfoLogger [main] Started RatingsDataServiceApplicationTests in 3.18 seconds (JVM running for 3.862)
2019-09-10 22:37:12,317 DEBUG org.springframework.context.support.AbstractApplicationContext [Thread-2] Closing org.springframework.web.context.support.GenericWebApplicationContext@1750fbeb, started on Tue Sep 10 22:37:09 BRT 2019
2019-09-10 22:37:12,319 INFO org.springframework.scheduling.concurrent.ExecutorConfigurationSupport [Thread-2] Shutting down ExecutorService 'applicationTaskExecutor'
2019-09-10 22:40:43,359 INFO org.springframework.boot.StartupInfoLogger [main] Starting RatingsDataServiceApplicationTests on localhost.localdomain with PID 4359 (started by dhiego in /home/dhiego/Drive/Developer/Microservices/Claro_Poc/Movel/Integracao/POC/ratings-data-service-dev/ratings-data-service)
2019-09-10 22:40:43,361 INFO org.springframework.boot.SpringApplication [main] No active profile set, falling back to default profiles: default
2019-09-10 22:40:43,410 DEBUG org.springframework.context.support.AbstractApplicationContext [main] Refreshing org.springframework.web.context.support.GenericWebApplicationContext@1750fbeb
2019-09-10 22:40:44,874 DEBUG org.springframework.web.servlet.handler.SimpleUrlHandlerMapping [main] Patterns [/**/favicon.ico] in 'faviconHandlerMapping'
2019-09-10 22:40:45,201 INFO org.springframework.scheduling.concurrent.ExecutorConfigurationSupport [main] Initializing ExecutorService 'applicationTaskExecutor'
2019-09-10 22:40:45,219 DEBUG org.springframework.web.servlet.mvc.method.annotation.RequestMappingHandlerAdapter [main] ControllerAdvice beans: 0 @ModelAttribute, 0 @InitBinder, 1 RequestBodyAdvice, 1 ResponseBodyAdvice
2019-09-10 22:40:45,375 DEBUG org.springframework.web.servlet.handler.AbstractHandlerMethodMapping [main] 4 mappings in 'requestMappingHandlerMapping'
2019-09-10 22:40:45,396 DEBUG org.springframework.web.servlet.handler.SimpleUrlHandlerMapping [main] Patterns [/webjars/**, /**] in 'resourceHandlerMapping'
2019-09-10 22:40:45,409 DEBUG org.springframework.web.servlet.mvc.method.annotation.ExceptionHandlerExceptionResolver [main] ControllerAdvice beans: 0 @ExceptionHandler, 1 ResponseBodyAdvice
2019-09-10 22:40:46,018 INFO org.springframework.boot.actuate.endpoint.web.EndpointLinksResolver [main] Exposing 2 endpoint(s) beneath base path '/actuator'
2019-09-10 22:40:46,090 INFO org.springframework.boot.StartupInfoLogger [main] Started RatingsDataServiceApplicationTests in 3.062 seconds (JVM running for 3.866)
2019-09-10 22:40:46,319 DEBUG org.springframework.context.support.AbstractApplicationContext [Thread-2] Closing org.springframework.web.context.support.GenericWebApplicationContext@1750fbeb, started on Tue Sep 10 22:40:43 BRT 2019
2019-09-10 22:40:46,322 INFO org.springframework.scheduling.concurrent.ExecutorConfigurationSupport [Thread-2] Shutting down ExecutorService 'applicationTaskExecutor'
