2019-09-05 09:24:01,632 INFO org.springframework.boot.StartupInfoLogger [main] Starting RatingsDataServiceApplication on localhost.localdomain with PID 4184 (/home/dhiego/Drive/Developer/Microservices/Claro_Poc/Movel/Integracao/POC/ratings-data-service-dev/ratings-data-service/target/classes started by dhiego in /home/dhiego/Drive/Developer/Microservices/Claro_Poc/Movel/Integracao/POC/ratings-data-service-dev/ratings-data-service)
2019-09-05 09:24:01,641 INFO org.springframework.boot.SpringApplication [main] No active profile set, falling back to default profiles: default
2019-09-05 09:24:03,459 INFO org.springframework.boot.web.embedded.tomcat.TomcatWebServer [main] Tomcat initialized with port(s): 8083 (http)
2019-09-05 09:24:03,472 INFO org.apache.juli.logging.DirectJDKLog [main] Initializing ProtocolHandler ["http-nio-8083"]
2019-09-05 09:24:03,480 INFO org.apache.juli.logging.DirectJDKLog [main] Starting service [Tomcat]
2019-09-05 09:24:03,480 INFO org.apache.juli.logging.DirectJDKLog [main] Starting Servlet engine: [Apache Tomcat/9.0.21]
2019-09-05 09:24:03,539 INFO org.apache.juli.logging.DirectJDKLog [main] Initializing Spring embedded WebApplicationContext
2019-09-05 09:24:03,539 DEBUG org.springframework.boot.web.servlet.context.ServletWebServerApplicationContext [main] Published root WebApplicationContext as ServletContext attribute with name [org.springframework.web.context.WebApplicationContext.ROOT]
2019-09-05 09:24:03,540 INFO org.springframework.boot.web.servlet.context.ServletWebServerApplicationContext [main] Root WebApplicationContext: initialization completed in 1872 ms
2019-09-05 09:24:04,206 INFO io.jaegertracing.Configuration [main] Initialized tracer=JaegerTracer(version=Java-0.34.0, serviceName=ratings-data-service, reporter=CompositeReporter(reporters=[RemoteReporter(sender=UdpSender(), closeEnqueueTimeout=1000), LoggingReporter(logger=Logger[io.jaegertracing.internal.reporters.LoggingReporter])]), sampler=ConstSampler(decision=true, tags={sampler.type=const, sampler.param=true}), tags={hostname=localhost.localdomain, jaeger.version=Java-0.34.0, ip=127.0.0.1}, zipkinSharedRpcSpan=false, expandExceptionLogs=false, useTraceId128Bit=false)
2019-09-05 09:24:04,281 DEBUG org.springframework.web.servlet.handler.SimpleUrlHandlerMapping [main] Patterns [/**/favicon.ico] in 'faviconHandlerMapping'
2019-09-05 09:24:04,451 INFO org.springframework.scheduling.concurrent.ExecutorConfigurationSupport [main] Initializing ExecutorService 'applicationTaskExecutor'
2019-09-05 09:24:04,477 DEBUG org.springframework.web.servlet.mvc.method.annotation.RequestMappingHandlerAdapter [main] ControllerAdvice beans: 0 @ModelAttribute, 0 @InitBinder, 1 RequestBodyAdvice, 1 ResponseBodyAdvice
2019-09-05 09:24:04,530 DEBUG org.springframework.web.servlet.handler.AbstractHandlerMethodMapping [main] 4 mappings in 'requestMappingHandlerMapping'
2019-09-05 09:24:04,704 DEBUG org.springframework.web.servlet.handler.SimpleUrlHandlerMapping [main] Patterns [/webjars/**, /**] in 'resourceHandlerMapping'
2019-09-05 09:24:04,715 DEBUG org.springframework.web.servlet.mvc.method.annotation.ExceptionHandlerExceptionResolver [main] ControllerAdvice beans: 0 @ExceptionHandler, 1 ResponseBodyAdvice
2019-09-05 09:24:05,157 INFO org.springframework.boot.actuate.endpoint.web.EndpointLinksResolver [main] Exposing 2 endpoint(s) beneath base path '/actuator'
2019-09-05 09:24:05,265 INFO org.apache.juli.logging.DirectJDKLog [main] Starting ProtocolHandler ["http-nio-8083"]
2019-09-05 09:24:05,307 INFO org.springframework.boot.web.embedded.tomcat.TomcatWebServer [main] Tomcat started on port(s): 8083 (http) with context path ''
2019-09-05 09:24:05,311 INFO org.springframework.boot.StartupInfoLogger [main] Started RatingsDataServiceApplication in 3.982 seconds (JVM running for 4.405)
2019-09-05 09:24:08,050 INFO org.apache.juli.logging.DirectJDKLog [RMI TCP Connection(1)-127.0.0.1] Initializing Spring DispatcherServlet 'dispatcherServlet'
2019-09-05 09:24:08,051 INFO org.springframework.web.servlet.FrameworkServlet [RMI TCP Connection(1)-127.0.0.1] Initializing Servlet 'dispatcherServlet'
2019-09-05 09:24:08,051 DEBUG org.springframework.web.servlet.DispatcherServlet [RMI TCP Connection(1)-127.0.0.1] Detected StandardServletMultipartResolver
2019-09-05 09:24:08,070 DEBUG org.springframework.web.servlet.FrameworkServlet [RMI TCP Connection(1)-127.0.0.1] enableLoggingRequestDetails='false': request parameters and headers will be masked to prevent unsafe logging of potentially sensitive data
2019-09-05 09:24:08,071 INFO org.springframework.web.servlet.FrameworkServlet [RMI TCP Connection(1)-127.0.0.1] Completed initialization in 20 ms
2019-09-05 09:24:19,051 INFO br.com.clarobr.ratingsdataservice.correlation.CorrelationHeaderFilter [http-nio-8083-exec-1] Found correlationId in Header : 12345678
2019-09-05 09:24:19,054 DEBUG org.springframework.core.log.LogFormatUtils [http-nio-8083-exec-1] GET "/ratingsdata/user/test", parameters={}
2019-09-05 09:24:19,063 DEBUG org.springframework.web.servlet.handler.AbstractHandlerMapping [http-nio-8083-exec-1] Mapped to public br.com.clarobr.ratingsdataservice.model.UserRating br.com.clarobr.ratingsdataservice.resources.RatingsResource.getUserRatings(java.lang.String,org.springframework.http.HttpHeaders)
2019-09-05 09:24:24,089 INFO io.jaegertracing.internal.reporters.LoggingReporter [http-nio-8083-exec-1] Span reported: 842b57d27b44b67d:842b57d27b44b67d:0:1 - /ratingsdata/user/{userId}
2019-09-05 09:24:24,109 DEBUG org.springframework.web.servlet.mvc.method.annotation.AbstractMessageConverterMethodProcessor [http-nio-8083-exec-1] Using 'application/json', given [application/json, application/*+json] and supported [application/json, application/*+json, application/json, application/*+json]
2019-09-05 09:24:24,111 DEBUG org.springframework.core.log.LogFormatUtils [http-nio-8083-exec-1] Writing [br.com.clarobr.ratingsdataservice.model.UserRating@417396c]
2019-09-05 09:24:24,139 DEBUG org.springframework.web.servlet.FrameworkServlet [http-nio-8083-exec-1] Completed 200 OK
2019-09-05 09:29:01,671 INFO br.com.clarobr.ratingsdataservice.correlation.CorrelationHeaderFilter [http-nio-8083-exec-3] Found correlationId in Header : 12345678
2019-09-05 09:29:01,672 DEBUG org.springframework.core.log.LogFormatUtils [http-nio-8083-exec-3] GET "/ratingsdata/user/test", parameters={}
2019-09-05 09:29:01,674 DEBUG org.springframework.web.servlet.handler.AbstractHandlerMapping [http-nio-8083-exec-3] Mapped to public br.com.clarobr.ratingsdataservice.model.UserRating br.com.clarobr.ratingsdataservice.resources.RatingsResource.getUserRatings(java.lang.String,org.springframework.http.HttpHeaders)
2019-09-05 09:29:06,676 INFO io.jaegertracing.internal.reporters.LoggingReporter [http-nio-8083-exec-3] Span reported: 3e5265c7f7dba766:3e5265c7f7dba766:0:1 - /ratingsdata/user/{userId}
2019-09-05 09:29:06,679 DEBUG org.springframework.web.servlet.mvc.method.annotation.AbstractMessageConverterMethodProcessor [http-nio-8083-exec-3] Using 'application/json', given [application/json, application/*+json] and supported [application/json, application/*+json, application/json, application/*+json]
2019-09-05 09:29:06,680 DEBUG org.springframework.core.log.LogFormatUtils [http-nio-8083-exec-3] Writing [br.com.clarobr.ratingsdataservice.model.UserRating@298ca562]
2019-09-05 09:29:06,683 DEBUG org.springframework.web.servlet.FrameworkServlet [http-nio-8083-exec-3] Completed 200 OK
2019-09-05 09:31:26,377 INFO br.com.clarobr.ratingsdataservice.correlation.CorrelationHeaderFilter [http-nio-8083-exec-5] Found correlationId in Header : 12345678
2019-09-05 09:31:26,378 DEBUG org.springframework.core.log.LogFormatUtils [http-nio-8083-exec-5] GET "/ratingsdata/user/test", parameters={}
2019-09-05 09:31:26,382 DEBUG org.springframework.web.servlet.handler.AbstractHandlerMapping [http-nio-8083-exec-5] Mapped to public br.com.clarobr.ratingsdataservice.model.UserRating br.com.clarobr.ratingsdataservice.resources.RatingsResource.getUserRatings(java.lang.String,org.springframework.http.HttpHeaders)
2019-09-05 09:31:31,384 INFO io.jaegertracing.internal.reporters.LoggingReporter [http-nio-8083-exec-5] Span reported: 7e55105697822be1:7e55105697822be1:0:1 - /ratingsdata/user/{userId}
2019-09-05 09:31:31,385 DEBUG org.springframework.web.servlet.mvc.method.annotation.AbstractMessageConverterMethodProcessor [http-nio-8083-exec-5] Using 'application/json', given [application/json, application/*+json] and supported [application/json, application/*+json, application/json, application/*+json]
2019-09-05 09:31:31,386 DEBUG org.springframework.core.log.LogFormatUtils [http-nio-8083-exec-5] Writing [br.com.clarobr.ratingsdataservice.model.UserRating@1b4fce22]
2019-09-05 09:31:31,387 DEBUG org.springframework.web.servlet.FrameworkServlet [http-nio-8083-exec-5] Completed 200 OK
2019-09-05 09:33:23,729 INFO br.com.clarobr.ratingsdataservice.correlation.CorrelationHeaderFilter [http-nio-8083-exec-7] Found correlationId in Header : 12345678
2019-09-05 09:33:23,730 DEBUG org.springframework.core.log.LogFormatUtils [http-nio-8083-exec-7] GET "/ratingsdata/user/test", parameters={}
2019-09-05 09:33:23,731 DEBUG org.springframework.web.servlet.handler.AbstractHandlerMapping [http-nio-8083-exec-7] Mapped to public br.com.clarobr.ratingsdataservice.model.UserRating br.com.clarobr.ratingsdataservice.resources.RatingsResource.getUserRatings(java.lang.String,org.springframework.http.HttpHeaders)
2019-09-05 09:33:28,732 INFO io.jaegertracing.internal.reporters.LoggingReporter [http-nio-8083-exec-7] Span reported: c63f0e26e237a915:c63f0e26e237a915:0:1 - /ratingsdata/user/{userId}
2019-09-05 09:33:28,735 DEBUG org.springframework.web.servlet.mvc.method.annotation.AbstractMessageConverterMethodProcessor [http-nio-8083-exec-7] Using 'application/json', given [application/json, application/*+json] and supported [application/json, application/*+json, application/json, application/*+json]
2019-09-05 09:33:28,737 DEBUG org.springframework.core.log.LogFormatUtils [http-nio-8083-exec-7] Writing [br.com.clarobr.ratingsdataservice.model.UserRating@72aba079]
2019-09-05 09:33:28,739 DEBUG org.springframework.web.servlet.FrameworkServlet [http-nio-8083-exec-7] Completed 200 OK
2019-09-05 10:24:38,064 INFO br.com.clarobr.ratingsdataservice.correlation.CorrelationHeaderFilter [http-nio-8083-exec-9] Found correlationId in Header : 12345678
2019-09-05 10:24:38,065 DEBUG org.springframework.core.log.LogFormatUtils [http-nio-8083-exec-9] GET "/ratingsdata/user/test", parameters={}
2019-09-05 10:24:38,066 DEBUG org.springframework.web.servlet.handler.AbstractHandlerMapping [http-nio-8083-exec-9] Mapped to public br.com.clarobr.ratingsdataservice.model.UserRating br.com.clarobr.ratingsdataservice.resources.RatingsResource.getUserRatings(java.lang.String,org.springframework.http.HttpHeaders)
2019-09-05 10:24:43,068 INFO io.jaegertracing.internal.reporters.LoggingReporter [http-nio-8083-exec-9] Span reported: f5bed3ee341f46b:f5bed3ee341f46b:0:1 - /ratingsdata/user/{userId}
2019-09-05 10:24:43,071 DEBUG org.springframework.web.servlet.mvc.method.annotation.AbstractMessageConverterMethodProcessor [http-nio-8083-exec-9] Using 'application/json', given [application/json, application/*+json] and supported [application/json, application/*+json, application/json, application/*+json]
2019-09-05 10:24:43,073 DEBUG org.springframework.core.log.LogFormatUtils [http-nio-8083-exec-9] Writing [br.com.clarobr.ratingsdataservice.model.UserRating@17675f57]
2019-09-05 10:24:43,076 DEBUG org.springframework.web.servlet.FrameworkServlet [http-nio-8083-exec-9] Completed 200 OK
2019-09-05 10:25:47,365 INFO br.com.clarobr.ratingsdataservice.correlation.CorrelationHeaderFilter [http-nio-8083-exec-1] Found correlationId in Header : 12345678
2019-09-05 10:25:47,366 DEBUG org.springframework.core.log.LogFormatUtils [http-nio-8083-exec-1] GET "/ratingsdata/user/test", parameters={}
2019-09-05 10:25:47,370 DEBUG org.springframework.web.servlet.handler.AbstractHandlerMapping [http-nio-8083-exec-1] Mapped to public br.com.clarobr.ratingsdataservice.model.UserRating br.com.clarobr.ratingsdataservice.resources.RatingsResource.getUserRatings(java.lang.String,org.springframework.http.HttpHeaders)
2019-09-05 10:25:52,371 INFO io.jaegertracing.internal.reporters.LoggingReporter [http-nio-8083-exec-1] Span reported: c507785ac7f62fd4:c507785ac7f62fd4:0:1 - /ratingsdata/user/{userId}
2019-09-05 10:25:52,375 DEBUG org.springframework.web.servlet.mvc.method.annotation.AbstractMessageConverterMethodProcessor [http-nio-8083-exec-1] Using 'application/json', given [application/json, application/*+json] and supported [application/json, application/*+json, application/json, application/*+json]
2019-09-05 10:25:52,376 DEBUG org.springframework.core.log.LogFormatUtils [http-nio-8083-exec-1] Writing [br.com.clarobr.ratingsdataservice.model.UserRating@1cf7dfe9]
2019-09-05 10:25:52,379 DEBUG org.springframework.web.servlet.FrameworkServlet [http-nio-8083-exec-1] Completed 200 OK
2019-09-05 10:27:08,436 INFO br.com.clarobr.ratingsdataservice.correlation.CorrelationHeaderFilter [http-nio-8083-exec-3] Found correlationId in Header : 12345678
2019-09-05 10:27:08,436 DEBUG org.springframework.core.log.LogFormatUtils [http-nio-8083-exec-3] GET "/ratingsdata/user/test", parameters={}
2019-09-05 10:27:08,438 DEBUG org.springframework.web.servlet.handler.AbstractHandlerMapping [http-nio-8083-exec-3] Mapped to public br.com.clarobr.ratingsdataservice.model.UserRating br.com.clarobr.ratingsdataservice.resources.RatingsResource.getUserRatings(java.lang.String,org.springframework.http.HttpHeaders)
2019-09-05 10:27:13,438 INFO io.jaegertracing.internal.reporters.LoggingReporter [http-nio-8083-exec-3] Span reported: 3c336edeb484f055:3c336edeb484f055:0:1 - /ratingsdata/user/{userId}
2019-09-05 10:27:13,442 DEBUG org.springframework.web.servlet.mvc.method.annotation.AbstractMessageConverterMethodProcessor [http-nio-8083-exec-3] Using 'application/json', given [application/json, application/*+json] and supported [application/json, application/*+json, application/json, application/*+json]
2019-09-05 10:27:13,443 DEBUG org.springframework.core.log.LogFormatUtils [http-nio-8083-exec-3] Writing [br.com.clarobr.ratingsdataservice.model.UserRating@274b4e23]
2019-09-05 10:27:13,446 DEBUG org.springframework.web.servlet.FrameworkServlet [http-nio-8083-exec-3] Completed 200 OK
2019-09-05 10:28:04,911 INFO br.com.clarobr.ratingsdataservice.correlation.CorrelationHeaderFilter [http-nio-8083-exec-4] Found correlationId in Header : 12345678
2019-09-05 10:28:04,911 DEBUG org.springframework.core.log.LogFormatUtils [http-nio-8083-exec-4] GET "/ratingsdata/user/test", parameters={}
2019-09-05 10:28:04,914 DEBUG org.springframework.web.servlet.handler.AbstractHandlerMapping [http-nio-8083-exec-4] Mapped to public br.com.clarobr.ratingsdataservice.model.UserRating br.com.clarobr.ratingsdataservice.resources.RatingsResource.getUserRatings(java.lang.String,org.springframework.http.HttpHeaders)
2019-09-05 10:28:09,915 INFO io.jaegertracing.internal.reporters.LoggingReporter [http-nio-8083-exec-4] Span reported: 149ee7ec1324153c:149ee7ec1324153c:0:1 - /ratingsdata/user/{userId}
2019-09-05 10:28:09,917 DEBUG org.springframework.web.servlet.mvc.method.annotation.AbstractMessageConverterMethodProcessor [http-nio-8083-exec-4] Using 'application/json', given [application/json, application/*+json] and supported [application/json, application/*+json, application/json, application/*+json]
2019-09-05 10:28:09,918 DEBUG org.springframework.core.log.LogFormatUtils [http-nio-8083-exec-4] Writing [br.com.clarobr.ratingsdataservice.model.UserRating@938b135]
2019-09-05 10:28:09,921 DEBUG org.springframework.web.servlet.FrameworkServlet [http-nio-8083-exec-4] Completed 200 OK
2019-09-05 10:35:09,810 INFO br.com.clarobr.ratingsdataservice.correlation.CorrelationHeaderFilter [http-nio-8083-exec-6] Found correlationId in Header : 12345678
2019-09-05 10:35:09,811 DEBUG org.springframework.core.log.LogFormatUtils [http-nio-8083-exec-6] GET "/ratingsdata/user/test", parameters={}
2019-09-05 10:35:09,812 DEBUG org.springframework.web.servlet.handler.AbstractHandlerMapping [http-nio-8083-exec-6] Mapped to public br.com.clarobr.ratingsdataservice.model.UserRating br.com.clarobr.ratingsdataservice.resources.RatingsResource.getUserRatings(java.lang.String,org.springframework.http.HttpHeaders)
2019-09-05 10:35:14,812 INFO io.jaegertracing.internal.reporters.LoggingReporter [http-nio-8083-exec-6] Span reported: 1494069f5d5f9987:1494069f5d5f9987:0:1 - /ratingsdata/user/{userId}
2019-09-05 10:35:14,813 DEBUG org.springframework.web.servlet.mvc.method.annotation.AbstractMessageConverterMethodProcessor [http-nio-8083-exec-6] Using 'application/json', given [application/json, application/*+json] and supported [application/json, application/*+json, application/json, application/*+json]
2019-09-05 10:35:14,814 DEBUG org.springframework.core.log.LogFormatUtils [http-nio-8083-exec-6] Writing [br.com.clarobr.ratingsdataservice.model.UserRating@5d811e22]
2019-09-05 10:35:14,815 DEBUG org.springframework.web.servlet.FrameworkServlet [http-nio-8083-exec-6] Completed 200 OK
2019-09-05 10:38:29,425 INFO br.com.clarobr.ratingsdataservice.correlation.CorrelationHeaderFilter [http-nio-8083-exec-8] Found correlationId in Header : 
2019-09-05 10:38:29,429 DEBUG org.springframework.core.log.LogFormatUtils [http-nio-8083-exec-8] GET "/ratingsdata/user/test", parameters={}
2019-09-05 10:38:29,435 DEBUG org.springframework.web.servlet.handler.AbstractHandlerMapping [http-nio-8083-exec-8] Mapped to public br.com.clarobr.ratingsdataservice.model.UserRating br.com.clarobr.ratingsdataservice.resources.RatingsResource.getUserRatings(java.lang.String,org.springframework.http.HttpHeaders)
2019-09-05 10:38:34,437 INFO io.jaegertracing.internal.reporters.LoggingReporter [http-nio-8083-exec-8] Span reported: e1352ed1739cd568:e1352ed1739cd568:0:1 - /ratingsdata/user/{userId}
2019-09-05 10:38:34,441 DEBUG org.springframework.web.servlet.mvc.method.annotation.AbstractMessageConverterMethodProcessor [http-nio-8083-exec-8] Using 'application/json', given [application/json, application/*+json] and supported [application/json, application/*+json, application/json, application/*+json]
2019-09-05 10:38:34,442 DEBUG org.springframework.core.log.LogFormatUtils [http-nio-8083-exec-8] Writing [br.com.clarobr.ratingsdataservice.model.UserRating@5f9099e2]
2019-09-05 10:38:34,444 DEBUG org.springframework.web.servlet.FrameworkServlet [http-nio-8083-exec-8] Completed 200 OK
2019-09-05 10:43:27,430 INFO br.com.clarobr.ratingsdataservice.correlation.CorrelationHeaderFilter [http-nio-8083-exec-10] No correlationId found in Header. Generated : 1526a9ec-46a0-4dd0-bf50-71365661fefb
2019-09-05 10:43:27,430 DEBUG org.springframework.core.log.LogFormatUtils [http-nio-8083-exec-10] GET "/ratingsdata/user/test", parameters={}
2019-09-05 10:43:27,432 DEBUG org.springframework.web.servlet.handler.AbstractHandlerMapping [http-nio-8083-exec-10] Mapped to public br.com.clarobr.ratingsdataservice.model.UserRating br.com.clarobr.ratingsdataservice.resources.RatingsResource.getUserRatings(java.lang.String,org.springframework.http.HttpHeaders)
2019-09-05 10:43:32,434 INFO io.jaegertracing.internal.reporters.LoggingReporter [http-nio-8083-exec-10] Span reported: 5be783295034e68:5be783295034e68:0:1 - /ratingsdata/user/{userId}
2019-09-05 10:43:32,436 DEBUG org.springframework.web.servlet.mvc.method.annotation.AbstractMessageConverterMethodProcessor [http-nio-8083-exec-10] Using 'application/json', given [application/json, application/*+json] and supported [application/json, application/*+json, application/json, application/*+json]
2019-09-05 10:43:32,438 DEBUG org.springframework.core.log.LogFormatUtils [http-nio-8083-exec-10] Writing [br.com.clarobr.ratingsdataservice.model.UserRating@6fd56963]
2019-09-05 10:43:32,441 DEBUG org.springframework.web.servlet.FrameworkServlet [http-nio-8083-exec-10] Completed 200 OK
2019-09-05 10:51:22,797 INFO br.com.clarobr.ratingsdataservice.correlation.CorrelationHeaderFilter [http-nio-8083-exec-2] Found correlationId in Header : 12345678
2019-09-05 10:51:22,900 DEBUG org.springframework.core.log.LogFormatUtils [http-nio-8083-exec-2] GET "/ratingsdata/user/test", parameters={}
2019-09-05 10:51:22,901 DEBUG org.springframework.web.servlet.handler.AbstractHandlerMapping [http-nio-8083-exec-2] Mapped to public br.com.clarobr.ratingsdataservice.model.UserRating br.com.clarobr.ratingsdataservice.resources.RatingsResource.getUserRatings(java.lang.String,org.springframework.http.HttpHeaders)
2019-09-05 10:51:27,902 INFO io.jaegertracing.internal.reporters.LoggingReporter [http-nio-8083-exec-2] Span reported: 99e68c9036c6d3f1:99e68c9036c6d3f1:0:1 - /ratingsdata/user/{userId}
2019-09-05 10:51:27,905 DEBUG org.springframework.web.servlet.mvc.method.annotation.AbstractMessageConverterMethodProcessor [http-nio-8083-exec-2] Using 'application/json', given [application/json, application/*+json] and supported [application/json, application/*+json, application/json, application/*+json]
2019-09-05 10:51:27,906 DEBUG org.springframework.core.log.LogFormatUtils [http-nio-8083-exec-2] Writing [br.com.clarobr.ratingsdataservice.model.UserRating@30f14d6]
2019-09-05 10:51:27,908 DEBUG org.springframework.web.servlet.FrameworkServlet [http-nio-8083-exec-2] Completed 200 OK
2019-09-05 10:59:12,496 INFO br.com.clarobr.ratingsdataservice.correlation.CorrelationHeaderFilter [http-nio-8083-exec-4] Found correlationId in Header : 12345678
2019-09-05 10:59:12,496 DEBUG org.springframework.core.log.LogFormatUtils [http-nio-8083-exec-4] GET "/ratingsdata/user/test", parameters={}
2019-09-05 10:59:12,497 DEBUG org.springframework.web.servlet.handler.AbstractHandlerMapping [http-nio-8083-exec-4] Mapped to public br.com.clarobr.ratingsdataservice.model.UserRating br.com.clarobr.ratingsdataservice.resources.RatingsResource.getUserRatings(java.lang.String,org.springframework.http.HttpHeaders)
2019-09-05 10:59:17,498 INFO io.jaegertracing.internal.reporters.LoggingReporter [http-nio-8083-exec-4] Span reported: 13092bd8c1f85d41:13092bd8c1f85d41:0:1 - /ratingsdata/user/{userId}
2019-09-05 10:59:17,501 DEBUG org.springframework.web.servlet.mvc.method.annotation.AbstractMessageConverterMethodProcessor [http-nio-8083-exec-4] Using 'application/json', given [application/json, application/*+json] and supported [application/json, application/*+json, application/json, application/*+json]
2019-09-05 10:59:17,502 DEBUG org.springframework.core.log.LogFormatUtils [http-nio-8083-exec-4] Writing [br.com.clarobr.ratingsdataservice.model.UserRating@46c24459]
2019-09-05 10:59:17,506 DEBUG org.springframework.web.servlet.FrameworkServlet [http-nio-8083-exec-4] Completed 200 OK
2019-09-05 11:19:01,655 INFO br.com.clarobr.ratingsdataservice.correlation.CorrelationHeaderFilter [http-nio-8083-exec-6] Found correlationId in Header : 12345678
2019-09-05 11:19:01,669 DEBUG org.springframework.core.log.LogFormatUtils [http-nio-8083-exec-6] GET "/ratingsdata/user/test", parameters={}
2019-09-05 11:19:01,673 DEBUG org.springframework.web.servlet.handler.AbstractHandlerMapping [http-nio-8083-exec-6] Mapped to public br.com.clarobr.ratingsdataservice.model.UserRating br.com.clarobr.ratingsdataservice.resources.RatingsResource.getUserRatings(java.lang.String,org.springframework.http.HttpHeaders)
2019-09-05 11:19:06,675 INFO io.jaegertracing.internal.reporters.LoggingReporter [http-nio-8083-exec-6] Span reported: bb6bfcc4f3a9b0ed:bb6bfcc4f3a9b0ed:0:1 - /ratingsdata/user/{userId}
2019-09-05 11:19:06,678 DEBUG org.springframework.web.servlet.mvc.method.annotation.AbstractMessageConverterMethodProcessor [http-nio-8083-exec-6] Using 'application/json', given [application/json, application/*+json] and supported [application/json, application/*+json, application/json, application/*+json]
2019-09-05 11:19:06,680 DEBUG org.springframework.core.log.LogFormatUtils [http-nio-8083-exec-6] Writing [br.com.clarobr.ratingsdataservice.model.UserRating@70320c44]
2019-09-05 11:19:06,683 DEBUG org.springframework.web.servlet.FrameworkServlet [http-nio-8083-exec-6] Completed 200 OK
2019-09-05 11:26:54,425 INFO org.springframework.boot.admin.SpringApplicationAdminMXBeanRegistrar$SpringApplicationAdmin [RMI TCP Connection(9)-127.0.0.1] Application shutdown requested.
2019-09-05 11:26:54,557 INFO org.springframework.scheduling.concurrent.ExecutorConfigurationSupport [RMI TCP Connection(9)-127.0.0.1] Shutting down ExecutorService 'applicationTaskExecutor'
2019-09-05 11:32:18,056 INFO org.springframework.boot.StartupInfoLogger [main] Starting RatingsDataServiceApplication on localhost.localdomain with PID 13535 (/home/dhiego/Drive/Developer/Microservices/Claro_Poc/Movel/Integracao/POC/ratings-data-service-dev/ratings-data-service/target/classes started by dhiego in /home/dhiego/Drive/Developer/Microservices/Claro_Poc/Movel/Integracao/POC/ratings-data-service-dev/ratings-data-service)
2019-09-05 11:32:18,061 INFO org.springframework.boot.SpringApplication [main] No active profile set, falling back to default profiles: default
2019-09-05 11:32:19,096 INFO org.springframework.boot.web.embedded.tomcat.TomcatWebServer [main] Tomcat initialized with port(s): 8083 (http)
2019-09-05 11:32:19,104 INFO org.apache.juli.logging.DirectJDKLog [main] Initializing ProtocolHandler ["http-nio-8083"]
2019-09-05 11:32:19,111 INFO org.apache.juli.logging.DirectJDKLog [main] Starting service [Tomcat]
2019-09-05 11:32:19,111 INFO org.apache.juli.logging.DirectJDKLog [main] Starting Servlet engine: [Apache Tomcat/9.0.21]
2019-09-05 11:32:19,154 INFO org.apache.juli.logging.DirectJDKLog [main] Initializing Spring embedded WebApplicationContext
2019-09-05 11:32:19,154 DEBUG org.springframework.boot.web.servlet.context.ServletWebServerApplicationContext [main] Published root WebApplicationContext as ServletContext attribute with name [org.springframework.web.context.WebApplicationContext.ROOT]
2019-09-05 11:32:19,154 INFO org.springframework.boot.web.servlet.context.ServletWebServerApplicationContext [main] Root WebApplicationContext: initialization completed in 1024 ms
2019-09-05 11:32:19,376 INFO io.jaegertracing.Configuration [main] Initialized tracer=JaegerTracer(version=Java-0.34.0, serviceName=ratings-data-service, reporter=CompositeReporter(reporters=[RemoteReporter(sender=UdpSender(), closeEnqueueTimeout=1000), LoggingReporter(logger=Logger[io.jaegertracing.internal.reporters.LoggingReporter])]), sampler=ConstSampler(decision=true, tags={sampler.type=const, sampler.param=true}), tags={hostname=localhost.localdomain, jaeger.version=Java-0.34.0, ip=127.0.0.1}, zipkinSharedRpcSpan=false, expandExceptionLogs=false, useTraceId128Bit=false)
2019-09-05 11:32:19,406 DEBUG org.springframework.web.servlet.handler.SimpleUrlHandlerMapping [main] Patterns [/**/favicon.ico] in 'faviconHandlerMapping'
2019-09-05 11:32:19,469 INFO org.springframework.scheduling.concurrent.ExecutorConfigurationSupport [main] Initializing ExecutorService 'applicationTaskExecutor'
2019-09-05 11:32:19,477 DEBUG org.springframework.web.servlet.mvc.method.annotation.RequestMappingHandlerAdapter [main] ControllerAdvice beans: 0 @ModelAttribute, 0 @InitBinder, 1 RequestBodyAdvice, 1 ResponseBodyAdvice
2019-09-05 11:32:19,504 DEBUG org.springframework.web.servlet.handler.AbstractHandlerMethodMapping [main] 4 mappings in 'requestMappingHandlerMapping'
2019-09-05 11:32:19,511 DEBUG org.springframework.web.servlet.handler.SimpleUrlHandlerMapping [main] Patterns [/webjars/**, /**] in 'resourceHandlerMapping'
2019-09-05 11:32:19,518 DEBUG org.springframework.web.servlet.mvc.method.annotation.ExceptionHandlerExceptionResolver [main] ControllerAdvice beans: 0 @ExceptionHandler, 1 ResponseBodyAdvice
2019-09-05 11:32:19,717 INFO org.springframework.boot.actuate.endpoint.web.EndpointLinksResolver [main] Exposing 2 endpoint(s) beneath base path '/actuator'
2019-09-05 11:32:19,747 INFO org.apache.juli.logging.DirectJDKLog [main] Starting ProtocolHandler ["http-nio-8083"]
2019-09-05 11:32:19,763 INFO org.springframework.boot.web.embedded.tomcat.TomcatWebServer [main] Tomcat started on port(s): 8083 (http) with context path ''
2019-09-05 11:32:19,765 INFO org.springframework.boot.StartupInfoLogger [main] Started RatingsDataServiceApplication in 2.086 seconds (JVM running for 2.425)
2019-09-05 11:32:22,773 INFO org.apache.juli.logging.DirectJDKLog [RMI TCP Connection(1)-127.0.0.1] Initializing Spring DispatcherServlet 'dispatcherServlet'
2019-09-05 11:32:22,773 INFO org.springframework.web.servlet.FrameworkServlet [RMI TCP Connection(1)-127.0.0.1] Initializing Servlet 'dispatcherServlet'
2019-09-05 11:32:22,773 DEBUG org.springframework.web.servlet.DispatcherServlet [RMI TCP Connection(1)-127.0.0.1] Detected StandardServletMultipartResolver
2019-09-05 11:32:22,778 DEBUG org.springframework.web.servlet.FrameworkServlet [RMI TCP Connection(1)-127.0.0.1] enableLoggingRequestDetails='false': request parameters and headers will be masked to prevent unsafe logging of potentially sensitive data
2019-09-05 11:32:22,778 INFO org.springframework.web.servlet.FrameworkServlet [RMI TCP Connection(1)-127.0.0.1] Completed initialization in 5 ms
2019-09-05 11:32:48,431 INFO br.com.clarobr.ratingsdataservice.correlation.CorrelationHeaderFilter [http-nio-8083-exec-1] Found correlationId in Header : 12345678
2019-09-05 11:32:48,435 DEBUG org.springframework.core.log.LogFormatUtils [http-nio-8083-exec-1] GET "/ratingsdata/user/test", parameters={}
2019-09-05 11:32:48,446 DEBUG org.springframework.web.servlet.handler.AbstractHandlerMapping [http-nio-8083-exec-1] Mapped to public br.com.clarobr.ratingsdataservice.model.UserRating br.com.clarobr.ratingsdataservice.resources.RatingsResource.getUserRatings(java.lang.String,org.springframework.http.HttpHeaders)
2019-09-05 11:32:53,471 INFO io.jaegertracing.internal.reporters.LoggingReporter [http-nio-8083-exec-1] Span reported: d8ff7cbe3771bda3:d8ff7cbe3771bda3:0:1 - /ratingsdata/user/{userId}
2019-09-05 11:32:53,497 DEBUG org.springframework.web.servlet.mvc.method.annotation.AbstractMessageConverterMethodProcessor [http-nio-8083-exec-1] Using 'application/json', given [application/json, application/*+json] and supported [application/json, application/*+json, application/json, application/*+json]
2019-09-05 11:32:53,500 DEBUG org.springframework.core.log.LogFormatUtils [http-nio-8083-exec-1] Writing [br.com.clarobr.ratingsdataservice.model.UserRating@fe1465a]
2019-09-05 11:32:53,519 DEBUG org.springframework.web.servlet.FrameworkServlet [http-nio-8083-exec-1] Completed 200 OK
2019-09-05 11:33:36,233 INFO org.springframework.boot.admin.SpringApplicationAdminMXBeanRegistrar$SpringApplicationAdmin [RMI TCP Connection(16)-127.0.0.1] Application shutdown requested.
2019-09-05 11:33:36,241 INFO org.springframework.scheduling.concurrent.ExecutorConfigurationSupport [RMI TCP Connection(16)-127.0.0.1] Shutting down ExecutorService 'applicationTaskExecutor'
