2019-10-02 11:21:34,704 INFO org.springframework.boot.StartupInfoLogger [main] Starting RatingsDataServiceApplicationTests on localhost.localdomain with PID 17298 (started by dhiego in /home/dhiego/Drive/Developer/Claro/Microservices/Claro_Poc/Movel/Integracao/POC/ratings-data-service-dev/ratings-data-service)
2019-10-02 11:21:34,708 INFO org.springframework.boot.SpringApplication [main] No active profile set, falling back to default profiles: default
2019-10-02 11:21:34,768 DEBUG org.springframework.context.support.AbstractApplicationContext [main] Refreshing org.springframework.web.context.support.GenericWebApplicationContext@1750fbeb
2019-10-02 11:21:36,335 DEBUG org.springframework.web.servlet.handler.SimpleUrlHandlerMapping [main] Patterns [/**/favicon.ico] in 'faviconHandlerMapping'
2019-10-02 11:21:36,730 INFO org.springframework.scheduling.concurrent.ExecutorConfigurationSupport [main] Initializing ExecutorService 'applicationTaskExecutor'
2019-10-02 11:21:36,749 DEBUG org.springframework.web.servlet.mvc.method.annotation.RequestMappingHandlerAdapter [main] ControllerAdvice beans: 0 @ModelAttribute, 0 @InitBinder, 1 RequestBodyAdvice, 1 ResponseBodyAdvice
2019-10-02 11:21:36,824 DEBUG org.springframework.web.servlet.handler.AbstractHandlerMethodMapping [main] 4 mappings in 'requestMappingHandlerMapping'
2019-10-02 11:21:36,847 DEBUG org.springframework.web.servlet.handler.SimpleUrlHandlerMapping [main] Patterns [/webjars/**, /**] in 'resourceHandlerMapping'
2019-10-02 11:21:36,869 DEBUG org.springframework.web.servlet.mvc.method.annotation.ExceptionHandlerExceptionResolver [main] ControllerAdvice beans: 0 @ExceptionHandler, 1 ResponseBodyAdvice
2019-10-02 11:21:37,432 INFO org.springframework.boot.actuate.endpoint.web.EndpointLinksResolver [main] Exposing 2 endpoint(s) beneath base path '/actuator'
2019-10-02 11:21:37,508 INFO org.springframework.boot.StartupInfoLogger [main] Started RatingsDataServiceApplicationTests in 3.131 seconds (JVM running for 3.752)
2019-10-02 11:21:37,760 DEBUG org.springframework.context.support.AbstractApplicationContext [Thread-2] Closing org.springframework.web.context.support.GenericWebApplicationContext@1750fbeb, started on Wed Oct 02 11:21:34 BRT 2019
2019-10-02 11:21:37,767 INFO org.springframework.scheduling.concurrent.ExecutorConfigurationSupport [Thread-2] Shutting down ExecutorService 'applicationTaskExecutor'
2019-10-02 13:08:43,826 INFO org.springframework.boot.StartupInfoLogger [main] Starting RatingsDataServiceApplicationTests on localhost.localdomain with PID 23771 (started by dhiego in /home/dhiego/Drive/Developer/Claro/Microservices/Claro_Poc/Movel/Integracao/POC/ratings-data-service-dev/ratings-data-service)
2019-10-02 13:08:43,828 INFO org.springframework.boot.SpringApplication [main] No active profile set, falling back to default profiles: default
2019-10-02 13:08:43,896 DEBUG org.springframework.context.support.AbstractApplicationContext [main] Refreshing org.springframework.web.context.support.GenericWebApplicationContext@7ce026d3
2019-10-02 13:08:44,942 INFO io.jaegertracing.Configuration [main] Initialized tracer=JaegerTracer(version=Java-0.34.0, serviceName=ratings-data-service, reporter=CompositeReporter(reporters=[RemoteReporter(sender=UdpSender(), closeEnqueueTimeout=1000), LoggingReporter(logger=Logger[io.jaegertracing.internal.reporters.LoggingReporter])]), sampler=ConstSampler(decision=true, tags={sampler.type=const, sampler.param=true}), tags={hostname=localhost.localdomain, jaeger.version=Java-0.34.0, ip=127.0.0.1}, zipkinSharedRpcSpan=false, expandExceptionLogs=false, useTraceId128Bit=false)
2019-10-02 13:08:45,297 DEBUG org.springframework.web.servlet.handler.SimpleUrlHandlerMapping [main] Patterns [/**/favicon.ico] in 'faviconHandlerMapping'
2019-10-02 13:08:45,676 INFO org.springframework.scheduling.concurrent.ExecutorConfigurationSupport [main] Initializing ExecutorService 'applicationTaskExecutor'
2019-10-02 13:08:45,712 DEBUG org.springframework.web.servlet.mvc.method.annotation.RequestMappingHandlerAdapter [main] ControllerAdvice beans: 0 @ModelAttribute, 0 @InitBinder, 1 RequestBodyAdvice, 1 ResponseBodyAdvice
2019-10-02 13:08:45,806 DEBUG org.springframework.web.servlet.handler.AbstractHandlerMethodMapping [main] 4 mappings in 'requestMappingHandlerMapping'
2019-10-02 13:08:45,830 DEBUG org.springframework.web.servlet.handler.SimpleUrlHandlerMapping [main] Patterns [/webjars/**, /**] in 'resourceHandlerMapping'
2019-10-02 13:08:45,846 DEBUG org.springframework.web.servlet.mvc.method.annotation.ExceptionHandlerExceptionResolver [main] ControllerAdvice beans: 0 @ExceptionHandler, 1 ResponseBodyAdvice
2019-10-02 13:08:46,461 INFO org.springframework.boot.actuate.endpoint.web.EndpointLinksResolver [main] Exposing 2 endpoint(s) beneath base path '/actuator'
2019-10-02 13:08:46,531 INFO org.springframework.boot.StartupInfoLogger [main] Started RatingsDataServiceApplicationTests in 3.005 seconds (JVM running for 3.646)
2019-10-02 13:08:46,735 DEBUG org.springframework.context.support.AbstractApplicationContext [Thread-4] Closing org.springframework.web.context.support.GenericWebApplicationContext@7ce026d3, started on Wed Oct 02 13:08:43 BRT 2019
2019-10-02 13:08:46,741 INFO org.springframework.scheduling.concurrent.ExecutorConfigurationSupport [Thread-4] Shutting down ExecutorService 'applicationTaskExecutor'
2019-10-02 13:23:35,683 INFO org.springframework.boot.StartupInfoLogger [main] Starting RatingsDataServiceApplicationTests on localhost.localdomain with PID 25175 (started by dhiego in /home/dhiego/Drive/Developer/Claro/Microservices/Claro_Poc/Movel/Integracao/POC/ratings-data-service-dev/ratings-data-service)
2019-10-02 13:23:35,686 INFO org.springframework.boot.SpringApplication [main] No active profile set, falling back to default profiles: default
2019-10-02 13:23:35,728 DEBUG org.springframework.context.support.AbstractApplicationContext [main] Refreshing org.springframework.web.context.support.GenericWebApplicationContext@5b247367
2019-10-02 13:23:36,723 INFO io.jaegertracing.Configuration [main] Initialized tracer=JaegerTracer(version=Java-0.34.0, serviceName=ratings-data-service, reporter=CompositeReporter(reporters=[RemoteReporter(sender=UdpSender(), closeEnqueueTimeout=1000), LoggingReporter(logger=Logger[io.jaegertracing.internal.reporters.LoggingReporter])]), sampler=ConstSampler(decision=true, tags={sampler.type=const, sampler.param=true}), tags={hostname=localhost.localdomain, jaeger.version=Java-0.34.0, ip=127.0.0.1}, zipkinSharedRpcSpan=false, expandExceptionLogs=false, useTraceId128Bit=false)
2019-10-02 13:23:37,105 DEBUG org.springframework.web.servlet.handler.SimpleUrlHandlerMapping [main] Patterns [/**/favicon.ico] in 'faviconHandlerMapping'
2019-10-02 13:23:37,369 INFO org.springframework.scheduling.concurrent.ExecutorConfigurationSupport [main] Initializing ExecutorService 'applicationTaskExecutor'
2019-10-02 13:23:37,385 DEBUG org.springframework.web.servlet.mvc.method.annotation.RequestMappingHandlerAdapter [main] ControllerAdvice beans: 0 @ModelAttribute, 0 @InitBinder, 1 RequestBodyAdvice, 1 ResponseBodyAdvice
2019-10-02 13:23:37,461 DEBUG org.springframework.web.servlet.handler.AbstractHandlerMethodMapping [main] 4 mappings in 'requestMappingHandlerMapping'
2019-10-02 13:23:37,488 DEBUG org.springframework.web.servlet.handler.SimpleUrlHandlerMapping [main] Patterns [/webjars/**, /**] in 'resourceHandlerMapping'
2019-10-02 13:23:37,504 DEBUG org.springframework.web.servlet.mvc.method.annotation.ExceptionHandlerExceptionResolver [main] ControllerAdvice beans: 0 @ExceptionHandler, 1 ResponseBodyAdvice
2019-10-02 13:23:38,107 INFO org.springframework.boot.actuate.endpoint.web.EndpointLinksResolver [main] Exposing 2 endpoint(s) beneath base path '/actuator'
2019-10-02 13:23:38,173 INFO org.springframework.boot.StartupInfoLogger [main] Started RatingsDataServiceApplicationTests in 2.973 seconds (JVM running for 3.753)
2019-10-02 13:23:38,386 DEBUG org.springframework.context.support.AbstractApplicationContext [Thread-5] Closing org.springframework.web.context.support.GenericWebApplicationContext@5b247367, started on Wed Oct 02 13:23:35 BRT 2019
2019-10-02 13:23:38,388 INFO org.springframework.scheduling.concurrent.ExecutorConfigurationSupport [Thread-5] Shutting down ExecutorService 'applicationTaskExecutor'
2019-10-02 13:50:34,954 INFO org.springframework.boot.StartupInfoLogger [main] Starting RatingsDataServiceApplicationTests on localhost.localdomain with PID 27465 (started by dhiego in /home/dhiego/Drive/Developer/Claro/Microservices/Claro_Poc/Movel/Integracao/POC/ratings-data-service-dev/ratings-data-service)
2019-10-02 13:50:34,958 INFO org.springframework.boot.SpringApplication [main] No active profile set, falling back to default profiles: default
2019-10-02 13:50:35,023 DEBUG org.springframework.context.support.AbstractApplicationContext [main] Refreshing org.springframework.web.context.support.GenericWebApplicationContext@7ce026d3
2019-10-02 13:50:36,108 INFO io.jaegertracing.Configuration [main] Initialized tracer=JaegerTracer(version=Java-0.34.0, serviceName=ratings-data-service, reporter=CompositeReporter(reporters=[RemoteReporter(sender=UdpSender(), closeEnqueueTimeout=1000), LoggingReporter(logger=Logger[io.jaegertracing.internal.reporters.LoggingReporter])]), sampler=ConstSampler(decision=true, tags={sampler.type=const, sampler.param=true}), tags={hostname=localhost.localdomain, jaeger.version=Java-0.34.0, ip=127.0.0.1}, zipkinSharedRpcSpan=false, expandExceptionLogs=false, useTraceId128Bit=false)
2019-10-02 13:50:36,443 DEBUG org.springframework.web.servlet.handler.SimpleUrlHandlerMapping [main] Patterns [/**/favicon.ico] in 'faviconHandlerMapping'
2019-10-02 13:50:36,795 INFO org.springframework.scheduling.concurrent.ExecutorConfigurationSupport [main] Initializing ExecutorService 'applicationTaskExecutor'
2019-10-02 13:50:36,813 DEBUG org.springframework.web.servlet.mvc.method.annotation.RequestMappingHandlerAdapter [main] ControllerAdvice beans: 0 @ModelAttribute, 0 @InitBinder, 1 RequestBodyAdvice, 1 ResponseBodyAdvice
2019-10-02 13:50:36,886 DEBUG org.springframework.web.servlet.handler.AbstractHandlerMethodMapping [main] 4 mappings in 'requestMappingHandlerMapping'
2019-10-02 13:50:36,908 DEBUG org.springframework.web.servlet.handler.SimpleUrlHandlerMapping [main] Patterns [/webjars/**, /**] in 'resourceHandlerMapping'
2019-10-02 13:50:36,924 DEBUG org.springframework.web.servlet.mvc.method.annotation.ExceptionHandlerExceptionResolver [main] ControllerAdvice beans: 0 @ExceptionHandler, 1 ResponseBodyAdvice
2019-10-02 13:50:37,476 INFO org.springframework.boot.actuate.endpoint.web.EndpointLinksResolver [main] Exposing 2 endpoint(s) beneath base path '/actuator'
2019-10-02 13:50:37,535 INFO org.springframework.boot.StartupInfoLogger [main] Started RatingsDataServiceApplicationTests in 2.887 seconds (JVM running for 3.535)
2019-10-02 13:50:37,733 DEBUG org.springframework.context.support.AbstractApplicationContext [Thread-4] Closing org.springframework.web.context.support.GenericWebApplicationContext@7ce026d3, started on Wed Oct 02 13:50:35 BRT 2019
2019-10-02 13:50:37,736 INFO org.springframework.scheduling.concurrent.ExecutorConfigurationSupport [Thread-4] Shutting down ExecutorService 'applicationTaskExecutor'
2019-10-02 14:07:36,915 INFO org.springframework.boot.StartupInfoLogger [main] Starting RatingsDataServiceApplicationTests on localhost.localdomain with PID 29590 (started by dhiego in /home/dhiego/Drive/Developer/Claro/Microservices/Claro_Poc/Movel/Integracao/POC/ratings-data-service-dev/ratings-data-service)
2019-10-02 14:07:36,919 INFO org.springframework.boot.SpringApplication [main] No active profile set, falling back to default profiles: default
2019-10-02 14:07:36,984 DEBUG org.springframework.context.support.AbstractApplicationContext [main] Refreshing org.springframework.web.context.support.GenericWebApplicationContext@7ce026d3
2019-10-02 14:07:38,077 INFO io.jaegertracing.Configuration [main] Initialized tracer=JaegerTracer(version=Java-0.34.0, serviceName=ratings-data-service, reporter=CompositeReporter(reporters=[RemoteReporter(sender=UdpSender(), closeEnqueueTimeout=1000), LoggingReporter(logger=Logger[io.jaegertracing.internal.reporters.LoggingReporter])]), sampler=ConstSampler(decision=true, tags={sampler.type=const, sampler.param=true}), tags={hostname=localhost.localdomain, jaeger.version=Java-0.34.0, ip=127.0.0.1}, zipkinSharedRpcSpan=false, expandExceptionLogs=false, useTraceId128Bit=false)
2019-10-02 14:07:38,396 DEBUG org.springframework.web.servlet.handler.SimpleUrlHandlerMapping [main] Patterns [/**/favicon.ico] in 'faviconHandlerMapping'
2019-10-02 14:07:38,743 INFO org.springframework.scheduling.concurrent.ExecutorConfigurationSupport [main] Initializing ExecutorService 'applicationTaskExecutor'
2019-10-02 14:07:38,758 DEBUG org.springframework.web.servlet.mvc.method.annotation.RequestMappingHandlerAdapter [main] ControllerAdvice beans: 0 @ModelAttribute, 0 @InitBinder, 1 RequestBodyAdvice, 1 ResponseBodyAdvice
2019-10-02 14:07:38,831 DEBUG org.springframework.web.servlet.handler.AbstractHandlerMethodMapping [main] 4 mappings in 'requestMappingHandlerMapping'
2019-10-02 14:07:38,855 DEBUG org.springframework.web.servlet.handler.SimpleUrlHandlerMapping [main] Patterns [/webjars/**, /**] in 'resourceHandlerMapping'
2019-10-02 14:07:38,873 DEBUG org.springframework.web.servlet.mvc.method.annotation.ExceptionHandlerExceptionResolver [main] ControllerAdvice beans: 0 @ExceptionHandler, 1 ResponseBodyAdvice
2019-10-02 14:07:39,427 INFO org.springframework.boot.actuate.endpoint.web.EndpointLinksResolver [main] Exposing 2 endpoint(s) beneath base path '/actuator'
2019-10-02 14:07:39,499 INFO org.springframework.boot.StartupInfoLogger [main] Started RatingsDataServiceApplicationTests in 2.898 seconds (JVM running for 3.563)
2019-10-02 14:07:39,677 DEBUG org.springframework.context.support.AbstractApplicationContext [Thread-5] Closing org.springframework.web.context.support.GenericWebApplicationContext@7ce026d3, started on Wed Oct 02 14:07:36 BRT 2019
2019-10-02 14:07:39,680 INFO org.springframework.scheduling.concurrent.ExecutorConfigurationSupport [Thread-5] Shutting down ExecutorService 'applicationTaskExecutor'
2019-10-02 15:52:44,884 INFO org.springframework.boot.StartupInfoLogger [main] Starting RatingsDataServiceApplicationTests on localhost.localdomain with PID 5099 (started by dhiego in /home/dhiego/Drive/Developer/Claro/Microservices/Claro_Poc/Movel/Integracao/POC/ratings-data-service-dev/ratings-data-service)
2019-10-02 15:52:44,889 INFO org.springframework.boot.SpringApplication [main] No active profile set, falling back to default profiles: default
2019-10-02 15:52:44,960 DEBUG org.springframework.context.support.AbstractApplicationContext [main] Refreshing org.springframework.web.context.support.GenericWebApplicationContext@7ce026d3
2019-10-02 15:52:46,472 DEBUG org.springframework.web.servlet.handler.SimpleUrlHandlerMapping [main] Patterns [/**/favicon.ico] in 'faviconHandlerMapping'
2019-10-02 15:52:46,848 INFO org.springframework.scheduling.concurrent.ExecutorConfigurationSupport [main] Initializing ExecutorService 'applicationTaskExecutor'
2019-10-02 15:52:46,865 DEBUG org.springframework.web.servlet.mvc.method.annotation.RequestMappingHandlerAdapter [main] ControllerAdvice beans: 0 @ModelAttribute, 0 @InitBinder, 1 RequestBodyAdvice, 1 ResponseBodyAdvice
2019-10-02 15:52:46,933 DEBUG org.springframework.web.servlet.handler.AbstractHandlerMethodMapping [main] 4 mappings in 'requestMappingHandlerMapping'
2019-10-02 15:52:46,953 DEBUG org.springframework.web.servlet.handler.SimpleUrlHandlerMapping [main] Patterns [/webjars/**, /**] in 'resourceHandlerMapping'
2019-10-02 15:52:46,963 DEBUG org.springframework.web.servlet.mvc.method.annotation.ExceptionHandlerExceptionResolver [main] ControllerAdvice beans: 0 @ExceptionHandler, 1 ResponseBodyAdvice
2019-10-02 15:52:47,466 INFO org.springframework.boot.actuate.endpoint.web.EndpointLinksResolver [main] Exposing 2 endpoint(s) beneath base path '/actuator'
2019-10-02 15:52:47,532 INFO org.springframework.boot.StartupInfoLogger [main] Started RatingsDataServiceApplicationTests in 2.952 seconds (JVM running for 3.565)
2019-10-02 15:52:47,707 DEBUG org.springframework.context.support.AbstractApplicationContext [Thread-3] Closing org.springframework.web.context.support.GenericWebApplicationContext@7ce026d3, started on Wed Oct 02 15:52:44 BRT 2019
2019-10-02 15:52:47,713 INFO org.springframework.scheduling.concurrent.ExecutorConfigurationSupport [Thread-3] Shutting down ExecutorService 'applicationTaskExecutor'
