2019-10-09 09:51:25,496 INFO org.springframework.boot.StartupInfoLogger [main] Starting RatingsDataServiceApplicationTests on localhost.localdomain with PID 5233 (started by dhiego in /home/dhiego/Drive/Developer/Claro/Microservices/Claro_Poc/Movel/Integracao/POC/ratings-data-service-dev/ratings-data-service)
2019-10-09 09:51:25,509 INFO org.springframework.boot.SpringApplication [main] No active profile set, falling back to default profiles: default
2019-10-09 09:51:25,601 DEBUG org.springframework.context.support.AbstractApplicationContext [main] Refreshing org.springframework.web.context.support.GenericWebApplicationContext@1750fbeb
2019-10-09 09:51:27,554 DEBUG org.springframework.web.servlet.handler.SimpleUrlHandlerMapping [main] Patterns [/**/favicon.ico] in 'faviconHandlerMapping'
2019-10-09 09:51:27,935 INFO org.springframework.scheduling.concurrent.ExecutorConfigurationSupport [main] Initializing ExecutorService 'applicationTaskExecutor'
2019-10-09 09:51:27,951 DEBUG org.springframework.web.servlet.mvc.method.annotation.RequestMappingHandlerAdapter [main] ControllerAdvice beans: 0 @ModelAttribute, 0 @InitBinder, 1 RequestBodyAdvice, 1 ResponseBodyAdvice
2019-10-09 09:51:28,194 DEBUG org.springframework.web.servlet.handler.AbstractHandlerMethodMapping [main] 4 mappings in 'requestMappingHandlerMapping'
2019-10-09 09:51:28,238 DEBUG org.springframework.web.servlet.handler.SimpleUrlHandlerMapping [main] Patterns [/webjars/**, /**] in 'resourceHandlerMapping'
2019-10-09 09:51:28,264 DEBUG org.springframework.web.servlet.mvc.method.annotation.ExceptionHandlerExceptionResolver [main] ControllerAdvice beans: 0 @ExceptionHandler, 1 ResponseBodyAdvice
2019-10-09 09:51:28,983 INFO org.springframework.boot.actuate.endpoint.web.EndpointLinksResolver [main] Exposing 2 endpoint(s) beneath base path '/actuator'
2019-10-09 09:51:29,101 INFO org.springframework.boot.StartupInfoLogger [main] Started RatingsDataServiceApplicationTests in 4.02 seconds (JVM running for 4.86)
2019-10-09 09:51:29,375 DEBUG org.springframework.context.support.AbstractApplicationContext [Thread-2] Closing org.springframework.web.context.support.GenericWebApplicationContext@1750fbeb, started on Wed Oct 09 09:51:25 BRT 2019
2019-10-09 09:51:29,396 INFO org.springframework.scheduling.concurrent.ExecutorConfigurationSupport [Thread-2] Shutting down ExecutorService 'applicationTaskExecutor'
2019-10-09 10:21:21,637 INFO org.springframework.boot.StartupInfoLogger [main] Starting RatingsDataServiceApplicationTests on localhost.localdomain with PID 7091 (started by dhiego in /home/dhiego/Drive/Developer/Claro/Microservices/Claro_Poc/Movel/Integracao/POC/ratings-data-service-dev/ratings-data-service)
2019-10-09 10:21:21,642 INFO org.springframework.boot.SpringApplication [main] No active profile set, falling back to default profiles: default
2019-10-09 10:21:21,745 DEBUG org.springframework.context.support.AbstractApplicationContext [main] Refreshing org.springframework.web.context.support.GenericWebApplicationContext@1caa0244
2019-10-09 10:21:23,564 DEBUG org.springframework.web.servlet.handler.SimpleUrlHandlerMapping [main] Patterns [/**/favicon.ico] in 'faviconHandlerMapping'
2019-10-09 10:21:23,905 INFO org.springframework.scheduling.concurrent.ExecutorConfigurationSupport [main] Initializing ExecutorService 'applicationTaskExecutor'
2019-10-09 10:21:23,933 DEBUG org.springframework.web.servlet.mvc.method.annotation.RequestMappingHandlerAdapter [main] ControllerAdvice beans: 0 @ModelAttribute, 0 @InitBinder, 1 RequestBodyAdvice, 1 ResponseBodyAdvice
2019-10-09 10:21:24,126 DEBUG org.springframework.web.servlet.handler.AbstractHandlerMethodMapping [main] 4 mappings in 'requestMappingHandlerMapping'
2019-10-09 10:21:24,153 DEBUG org.springframework.web.servlet.handler.SimpleUrlHandlerMapping [main] Patterns [/webjars/**, /**] in 'resourceHandlerMapping'
2019-10-09 10:21:24,171 DEBUG org.springframework.web.servlet.mvc.method.annotation.ExceptionHandlerExceptionResolver [main] ControllerAdvice beans: 0 @ExceptionHandler, 1 ResponseBodyAdvice
2019-10-09 10:21:24,992 INFO org.springframework.boot.actuate.endpoint.web.EndpointLinksResolver [main] Exposing 2 endpoint(s) beneath base path '/actuator'
2019-10-09 10:21:25,063 INFO org.springframework.boot.StartupInfoLogger [main] Started RatingsDataServiceApplicationTests in 3.863 seconds (JVM running for 4.938)
2019-10-09 10:21:25,299 DEBUG org.springframework.context.support.AbstractApplicationContext [Thread-2] Closing org.springframework.web.context.support.GenericWebApplicationContext@1caa0244, started on Wed Oct 09 10:21:21 BRT 2019
2019-10-09 10:21:25,310 INFO org.springframework.scheduling.concurrent.ExecutorConfigurationSupport [Thread-2] Shutting down ExecutorService 'applicationTaskExecutor'
2019-10-09 14:52:36,625 INFO org.springframework.boot.StartupInfoLogger [main] Starting RatingsDataServiceApplicationTests on localhost.localdomain with PID 28225 (started by dhiego in /home/dhiego/Drive/Developer/Claro/Microservices/Claro_Poc/Movel/Integracao/POC/ratings-data-service-dev/ratings-data-service)
2019-10-09 14:52:36,628 INFO org.springframework.boot.SpringApplication [main] No active profile set, falling back to default profiles: default
2019-10-09 14:52:36,668 DEBUG org.springframework.context.support.AbstractApplicationContext [main] Refreshing org.springframework.web.context.support.GenericWebApplicationContext@1caa0244
2019-10-09 14:52:39,080 DEBUG org.springframework.web.servlet.handler.SimpleUrlHandlerMapping [main] Patterns [/**/favicon.ico] in 'faviconHandlerMapping'
2019-10-09 14:52:39,736 INFO org.springframework.scheduling.concurrent.ExecutorConfigurationSupport [main] Initializing ExecutorService 'applicationTaskExecutor'
2019-10-09 14:52:39,772 DEBUG org.springframework.web.servlet.mvc.method.annotation.RequestMappingHandlerAdapter [main] ControllerAdvice beans: 0 @ModelAttribute, 0 @InitBinder, 1 RequestBodyAdvice, 1 ResponseBodyAdvice
2019-10-09 14:52:39,897 DEBUG org.springframework.web.servlet.handler.AbstractHandlerMethodMapping [main] 4 mappings in 'requestMappingHandlerMapping'
2019-10-09 14:52:39,933 DEBUG org.springframework.web.servlet.handler.SimpleUrlHandlerMapping [main] Patterns [/webjars/**, /**] in 'resourceHandlerMapping'
2019-10-09 14:52:39,954 DEBUG org.springframework.web.servlet.mvc.method.annotation.ExceptionHandlerExceptionResolver [main] ControllerAdvice beans: 0 @ExceptionHandler, 1 ResponseBodyAdvice
2019-10-09 14:52:40,834 INFO org.springframework.boot.actuate.endpoint.web.EndpointLinksResolver [main] Exposing 2 endpoint(s) beneath base path '/actuator'
2019-10-09 14:52:40,933 INFO org.springframework.boot.StartupInfoLogger [main] Started RatingsDataServiceApplicationTests in 4.902 seconds (JVM running for 6.091)
2019-10-09 14:52:41,224 DEBUG org.springframework.context.support.AbstractApplicationContext [Thread-3] Closing org.springframework.web.context.support.GenericWebApplicationContext@1caa0244, started on Wed Oct 09 14:52:36 BRT 2019
2019-10-09 14:52:41,239 INFO org.springframework.scheduling.concurrent.ExecutorConfigurationSupport [Thread-3] Shutting down ExecutorService 'applicationTaskExecutor'
2019-10-09 15:27:25,904 INFO org.springframework.boot.StartupInfoLogger [main] Starting RatingsDataServiceApplicationTests on localhost.localdomain with PID 31713 (started by dhiego in /home/dhiego/Drive/Developer/Claro/Microservices/Claro_Poc/Movel/Integracao/POC/ratings-data-service-dev/ratings-data-service)
2019-10-09 15:27:25,909 INFO org.springframework.boot.SpringApplication [main] No active profile set, falling back to default profiles: default
2019-10-09 15:27:25,943 DEBUG org.springframework.context.support.AbstractApplicationContext [main] Refreshing org.springframework.web.context.support.GenericWebApplicationContext@7ce69770
2019-10-09 15:27:27,805 DEBUG org.springframework.web.servlet.handler.SimpleUrlHandlerMapping [main] Patterns [/**/favicon.ico] in 'faviconHandlerMapping'
2019-10-09 15:27:28,233 INFO org.springframework.scheduling.concurrent.ExecutorConfigurationSupport [main] Initializing ExecutorService 'applicationTaskExecutor'
2019-10-09 15:27:28,249 DEBUG org.springframework.web.servlet.mvc.method.annotation.RequestMappingHandlerAdapter [main] ControllerAdvice beans: 0 @ModelAttribute, 0 @InitBinder, 1 RequestBodyAdvice, 1 ResponseBodyAdvice
2019-10-09 15:27:28,345 DEBUG org.springframework.web.servlet.handler.AbstractHandlerMethodMapping [main] 4 mappings in 'requestMappingHandlerMapping'
2019-10-09 15:27:28,368 DEBUG org.springframework.web.servlet.handler.SimpleUrlHandlerMapping [main] Patterns [/webjars/**, /**] in 'resourceHandlerMapping'
2019-10-09 15:27:28,383 DEBUG org.springframework.web.servlet.mvc.method.annotation.ExceptionHandlerExceptionResolver [main] ControllerAdvice beans: 0 @ExceptionHandler, 1 ResponseBodyAdvice
2019-10-09 15:27:29,142 INFO org.springframework.boot.actuate.endpoint.web.EndpointLinksResolver [main] Exposing 2 endpoint(s) beneath base path '/actuator'
2019-10-09 15:27:29,212 INFO org.springframework.boot.StartupInfoLogger [main] Started RatingsDataServiceApplicationTests in 3.938 seconds (JVM running for 4.776)
2019-10-09 15:27:29,539 DEBUG org.springframework.context.support.AbstractApplicationContext [Thread-3] Closing org.springframework.web.context.support.GenericWebApplicationContext@7ce69770, started on Wed Oct 09 15:27:25 BRT 2019
2019-10-09 15:27:29,553 INFO org.springframework.scheduling.concurrent.ExecutorConfigurationSupport [Thread-3] Shutting down ExecutorService 'applicationTaskExecutor'
